[2025-03-22T05:06:01.172Z] [INFO] | config={"level":2,"enableConsole":true,"enableFile":true,"logDirectory":"/Users/shantanubombatkar/Documents/code/plant app/Cooding-Soyar-Backend/logs","logFileName":"app.log","maxLogFileSize":5242880,"maxLogFiles":5,"isEnabled":true} - Logger initialized
[2025-03-22T05:06:40.655Z] [INFO] | requestId=req-1742620000655-rmp3ziubc, method=POST, url=/api/delivery-personnel/, userAgent=PostmanRuntime/7.43.0, ip=::1 - Request received: POST /api/delivery-personnel/
[2025-03-22T05:06:40.757Z] [ERROR] | requestId=req-1742620000655-rmp3ziubc, method=POST, url=/api/delivery-personnel/, userAgent=PostmanRuntime/7.43.0, ip=::1, statusCode=500, duration=102ms - Response error: POST / 500
[2025-03-22T05:06:42.966Z] [INFO] | requestId=req-1742620002966-7dqphqffq, method=POST, url=/api/delivery-personnel/, userAgent=PostmanRuntime/7.43.0, ip=::1 - Request received: POST /api/delivery-personnel/
[2025-03-22T05:06:43.054Z] [ERROR] | requestId=req-1742620002966-7dqphqffq, method=POST, url=/api/delivery-personnel/, userAgent=PostmanRuntime/7.43.0, ip=::1, statusCode=500, duration=88ms - Response error: POST / 500
[2025-03-22T05:11:19.708Z] [INFO] | config={"level":2,"enableConsole":true,"enableFile":true,"logDirectory":"/Users/shantanubombatkar/Documents/code/plant app/Cooding-Soyar-Backend/logs","logFileName":"app.log","maxLogFileSize":5242880,"maxLogFiles":5,"isEnabled":true} - Logger initialized
[2025-03-22T05:11:26.378Z] [INFO] | requestId=req-1742620286378-q1swhk6ez, method=POST, url=/api/delivery-personnel/, userAgent=PostmanRuntime/7.43.0, ip=::1 - Request received: POST /api/delivery-personnel/
[2025-03-22T05:11:26.486Z] [ERROR] | requestId=req-1742620286378-q1swhk6ez, method=POST, url=/api/delivery-personnel/, userAgent=PostmanRuntime/7.43.0, ip=::1, statusCode=500, duration=108ms - Response error: POST / 500
[2025-03-22T05:12:25.772Z] [INFO] | requestId=req-1742620345772-um9ks1pfy, method=POST, url=/api/delivery-personnel/, userAgent=PostmanRuntime/7.43.0, ip=::1 - Request received: POST /api/delivery-personnel/
[2025-03-22T05:12:25.858Z] [ERROR] | requestId=req-1742620345772-um9ks1pfy, method=POST, url=/api/delivery-personnel/, userAgent=PostmanRuntime/7.43.0, ip=::1, statusCode=500, duration=86ms - Response error: POST / 500
[2025-03-22T05:13:03.910Z] [INFO] | requestId=req-1742620383910-6c2imxe1h, method=POST, url=/api/delivery-personnel/, userAgent=PostmanRuntime/7.43.0, ip=::1 - Request received: POST /api/delivery-personnel/
[2025-03-22T05:13:03.999Z] [ERROR] | requestId=req-1742620383910-6c2imxe1h, method=POST, url=/api/delivery-personnel/, userAgent=PostmanRuntime/7.43.0, ip=::1, statusCode=500, duration=89ms - Response error: POST / 500
[2025-03-22T05:13:35.605Z] [INFO] | config={"level":2,"enableConsole":true,"enableFile":true,"logDirectory":"/Users/shantanubombatkar/Documents/code/plant app/Cooding-Soyar-Backend/logs","logFileName":"app.log","maxLogFileSize":5242880,"maxLogFiles":5,"isEnabled":true} - Logger initialized
[2025-03-22T05:13:42.661Z] [INFO] | requestId=req-1742620422661-abjkany7b, method=POST, url=/api/delivery-personnel/, userAgent=PostmanRuntime/7.43.0, ip=::1 - Request received: POST /api/delivery-personnel/
[2025-03-22T05:13:42.760Z] [ERROR] | requestId=req-1742620422661-abjkany7b, method=POST, url=/api/delivery-personnel/, userAgent=PostmanRuntime/7.43.0, ip=::1, statusCode=500, duration=99ms - Response error: POST / 500
[2025-03-22T05:19:55.632Z] [INFO] | config={"level":2,"enableConsole":true,"enableFile":true,"logDirectory":"/Users/shantanubombatkar/Documents/code/plant app/Cooding-Soyar-Backend/logs","logFileName":"app.log","maxLogFileSize":5242880,"maxLogFiles":5,"isEnabled":true} - Logger initialized
[2025-03-22T05:20:09.321Z] [INFO] | requestId=req-1742620809321-uv9qukw4g, method=GET, url=/api/users/check-user-exists/demo+delivery@ga.com, userAgent=PostmanRuntime/7.43.0, ip=::1 - Request received: GET /api/users/check-user-exists/demo+delivery@ga.com
[2025-03-22T05:20:09.336Z] [INFO] | requestId=req-1742620809321-uv9qukw4g, method=GET, url=/api/users/check-user-exists/demo+delivery@ga.com, userAgent=PostmanRuntime/7.43.0, ip=::1, statusCode=200, duration=15ms - Response sent: GET /check-user-exists/demo+delivery@ga.com 200 (15ms)
[2025-03-22T05:23:38.772Z] [INFO] | config={"level":2,"enableConsole":true,"enableFile":true,"logDirectory":"/Users/shantanubombatkar/Documents/code/plant app/Cooding-Soyar-Backend/logs","logFileName":"app.log","maxLogFileSize":5242880,"maxLogFiles":5,"isEnabled":true} - Logger initialized
[2025-03-22T05:24:23.278Z] [INFO] | config={"level":2,"enableConsole":true,"enableFile":true,"logDirectory":"/Users/shantanubombatkar/Documents/code/plant app/Cooding-Soyar-Backend/logs","logFileName":"app.log","maxLogFileSize":5242880,"maxLogFiles":5,"isEnabled":true} - Logger initialized
[2025-03-22T05:24:26.840Z] [INFO] | requestId=req-1742621066840-zkvd0qcn7, method=POST, url=/api/delivery-personnel/, userAgent=PostmanRuntime/7.43.0, ip=::1 - Request received: POST /api/delivery-personnel/
[2025-03-22T05:24:26.850Z] [INFO] | req={"name":"demo","phone":"3333333","email":"demo@ga.com","address":"kasdf","vehicleType":"bike","vehicleNumber":"323","vehicleCapacity":10,"maxDeliveriesPerDay":15,"isActive":true,"primaryZones":[],"availableDays":["Mon","Tue","Wed","Thu","Fri"],"adminId":"67d7366cce20f0160c956af2"} - req.body
[2025-03-22T05:24:26.853Z] [INFO] | email=demo+delivery@ga.com - email
[2025-03-22T05:24:26.854Z] [INFO] | deliveryPersonnelExists=null - deliveryPersonnelExists
[2025-03-22T05:24:26.939Z] [ERROR] | requestId=req-1742621066840-zkvd0qcn7, method=POST, url=/api/delivery-personnel/, userAgent=PostmanRuntime/7.43.0, ip=::1, statusCode=500, duration=99ms - Response error: POST / 500
[2025-03-22T05:25:27.424Z] [INFO] | requestId=req-1742621127424-wbdymq2pj, method=POST, url=/api/delivery-personnel/, userAgent=PostmanRuntime/7.43.0, ip=::1 - Request received: POST /api/delivery-personnel/
[2025-03-22T05:25:27.434Z] [INFO] | req={"name":"demo","phone":"3333333","email":"demo1@ga.com","address":"kasdf","vehicleType":"bike","vehicleNumber":"323","vehicleCapacity":10,"maxDeliveriesPerDay":15,"isActive":true,"primaryZones":[],"availableDays":["Mon","Tue","Wed","Thu","Fri"],"adminId":"67d7366cce20f0160c956af2"} - req.body
[2025-03-22T05:25:27.439Z] [INFO] | email=demo1+delivery@ga.com - email
[2025-03-22T05:25:27.442Z] [INFO] | deliveryPersonnelExists=null - deliveryPersonnelExists
[2025-03-22T05:25:27.526Z] [INFO] | requestId=req-1742621127424-wbdymq2pj, method=POST, url=/api/delivery-personnel/, userAgent=PostmanRuntime/7.43.0, ip=::1, statusCode=200, duration=102ms - Response sent: POST / 200 (102ms)
[2025-03-22T05:27:20.784Z] [INFO] | requestId=req-1742621240784-wovc1wnb2, method=DELETE, url=/api/users/67d7366cce20f0160c956af2/tokens?data[token]=eyJhbGciOiJIUzI1NiIsInR5cCI6IkpXVCJ9.eyJfaWQiOiI2N2Q3MzY2Y2NlMjBmMDE2MGM5NTZhZjIiLCJuYW1lIjoic2hhbnRhbnUiLCJlbWFpbCI6InNoYW50YW51QGxvZ2ljaWVsLmlvIiwicm9sZSI6ImFkbWluIiwiaXNBY3RpdmUiOnRydWUsImVtYWlsVmVyaWZpZWQiOmZhbHNlLCJwaG9uZVZlcmlmaWVkIjpmYWxzZSwibG9naW5BdHRlbXB0cyI6MCwicHJlZmVyZW5jZXMiOnsibm90aWZpY2F0aW9ucyI6eyJlbWFpbCI6dHJ1ZSwic21zIjp0cnVlLCJwdXNoIjp0cnVlfSwibGFuZ3VhZ2UiOiJlbiIsInJlbWluZGVyVGltZSI6IjE4OjAwIn0sIm9uYm9hcmRpbmdDb21wbGV0ZWQiOmZhbHNlLCJjcmVhdGVkQXQiOiIyMDI1LTAzLTE2VDIwOjM3OjAwLjE0NVoiLCJ1cGRhdGVkQXQiOiIyMDI1LTAzLTE2VDIwOjM3OjAwLjIwNloiLCJ0b2tlbnMiOltdLCJfX3YiOjAsImxhc3RMb2dpbiI6IjIwMjUtMDMtMjFUMTY6MzU6MDUuNjA4WiIsImlhdCI6MTc0MjYxODMxOSwiZXhwIjoxNzQ1MjEwMzE5fQ.2Q4NYfFrmQ1n_2oPoPYN1lgRvHFExjSqiCvc5uiI6Ug, userAgent=okhttp/4.9.2, ip=::1 - Request received: DELETE /api/users/67d7366cce20f0160c956af2/tokens?data[token]=eyJhbGciOiJIUzI1NiIsInR5cCI6IkpXVCJ9.eyJfaWQiOiI2N2Q3MzY2Y2NlMjBmMDE2MGM5NTZhZjIiLCJuYW1lIjoic2hhbnRhbnUiLCJlbWFpbCI6InNoYW50YW51QGxvZ2ljaWVsLmlvIiwicm9sZSI6ImFkbWluIiwiaXNBY3RpdmUiOnRydWUsImVtYWlsVmVyaWZpZWQiOmZhbHNlLCJwaG9uZVZlcmlmaWVkIjpmYWxzZSwibG9naW5BdHRlbXB0cyI6MCwicHJlZmVyZW5jZXMiOnsibm90aWZpY2F0aW9ucyI6eyJlbWFpbCI6dHJ1ZSwic21zIjp0cnVlLCJwdXNoIjp0cnVlfSwibGFuZ3VhZ2UiOiJlbiIsInJlbWluZGVyVGltZSI6IjE4OjAwIn0sIm9uYm9hcmRpbmdDb21wbGV0ZWQiOmZhbHNlLCJjcmVhdGVkQXQiOiIyMDI1LTAzLTE2VDIwOjM3OjAwLjE0NVoiLCJ1cGRhdGVkQXQiOiIyMDI1LTAzLTE2VDIwOjM3OjAwLjIwNloiLCJ0b2tlbnMiOltdLCJfX3YiOjAsImxhc3RMb2dpbiI6IjIwMjUtMDMtMjFUMTY6MzU6MDUuNjA4WiIsImlhdCI6MTc0MjYxODMxOSwiZXhwIjoxNzQ1MjEwMzE5fQ.2Q4NYfFrmQ1n_2oPoPYN1lgRvHFExjSqiCvc5uiI6Ug
[2025-03-22T05:27:20.787Z] [ERROR] | requestId=req-1742621240784-wovc1wnb2, method=DELETE, url=/api/users/67d7366cce20f0160c956af2/tokens?data[token]=eyJhbGciOiJIUzI1NiIsInR5cCI6IkpXVCJ9.eyJfaWQiOiI2N2Q3MzY2Y2NlMjBmMDE2MGM5NTZhZjIiLCJuYW1lIjoic2hhbnRhbnUiLCJlbWFpbCI6InNoYW50YW51QGxvZ2ljaWVsLmlvIiwicm9sZSI6ImFkbWluIiwiaXNBY3RpdmUiOnRydWUsImVtYWlsVmVyaWZpZWQiOmZhbHNlLCJwaG9uZVZlcmlmaWVkIjpmYWxzZSwibG9naW5BdHRlbXB0cyI6MCwicHJlZmVyZW5jZXMiOnsibm90aWZpY2F0aW9ucyI6eyJlbWFpbCI6dHJ1ZSwic21zIjp0cnVlLCJwdXNoIjp0cnVlfSwibGFuZ3VhZ2UiOiJlbiIsInJlbWluZGVyVGltZSI6IjE4OjAwIn0sIm9uYm9hcmRpbmdDb21wbGV0ZWQiOmZhbHNlLCJjcmVhdGVkQXQiOiIyMDI1LTAzLTE2VDIwOjM3OjAwLjE0NVoiLCJ1cGRhdGVkQXQiOiIyMDI1LTAzLTE2VDIwOjM3OjAwLjIwNloiLCJ0b2tlbnMiOltdLCJfX3YiOjAsImxhc3RMb2dpbiI6IjIwMjUtMDMtMjFUMTY6MzU6MDUuNjA4WiIsImlhdCI6MTc0MjYxODMxOSwiZXhwIjoxNzQ1MjEwMzE5fQ.2Q4NYfFrmQ1n_2oPoPYN1lgRvHFExjSqiCvc5uiI6Ug, userAgent=okhttp/4.9.2, ip=::1, statusCode=400, duration=3ms - Response error: DELETE /67d7366cce20f0160c956af2/tokens?data[token]=eyJhbGciOiJIUzI1NiIsInR5cCI6IkpXVCJ9.eyJfaWQiOiI2N2Q3MzY2Y2NlMjBmMDE2MGM5NTZhZjIiLCJuYW1lIjoic2hhbnRhbnUiLCJlbWFpbCI6InNoYW50YW51QGxvZ2ljaWVsLmlvIiwicm9sZSI6ImFkbWluIiwiaXNBY3RpdmUiOnRydWUsImVtYWlsVmVyaWZpZWQiOmZhbHNlLCJwaG9uZVZlcmlmaWVkIjpmYWxzZSwibG9naW5BdHRlbXB0cyI6MCwicHJlZmVyZW5jZXMiOnsibm90aWZpY2F0aW9ucyI6eyJlbWFpbCI6dHJ1ZSwic21zIjp0cnVlLCJwdXNoIjp0cnVlfSwibGFuZ3VhZ2UiOiJlbiIsInJlbWluZGVyVGltZSI6IjE4OjAwIn0sIm9uYm9hcmRpbmdDb21wbGV0ZWQiOmZhbHNlLCJjcmVhdGVkQXQiOiIyMDI1LTAzLTE2VDIwOjM3OjAwLjE0NVoiLCJ1cGRhdGVkQXQiOiIyMDI1LTAzLTE2VDIwOjM3OjAwLjIwNloiLCJ0b2tlbnMiOltdLCJfX3YiOjAsImxhc3RMb2dpbiI6IjIwMjUtMDMtMjFUMTY6MzU6MDUuNjA4WiIsImlhdCI6MTc0MjYxODMxOSwiZXhwIjoxNzQ1MjEwMzE5fQ.2Q4NYfFrmQ1n_2oPoPYN1lgRvHFExjSqiCvc5uiI6Ug 400
[2025-03-22T05:43:58.079Z] [INFO] | requestId=req-1742622238079-y0pgzj2by, method=POST, url=/api/users/login, userAgent=okhttp/4.9.2, ip=::1 - Request received: POST /api/users/login
[2025-03-22T05:43:58.169Z] [INFO] | requestId=req-1742622238079-y0pgzj2by, method=POST, url=/api/users/login, userAgent=okhttp/4.9.2, ip=::1, statusCode=200, duration=90ms - Response sent: POST /login 200 (90ms)
[2025-03-22T05:44:00.166Z] [INFO] | requestId=req-1742622240166-812ys9trs, method=GET, url=/api/deliveries/personnel/67d7366cce20f0160c956af2, userAgent=okhttp/4.9.2, ip=::1 - Request received: GET /api/deliveries/personnel/67d7366cce20f0160c956af2
[2025-03-22T05:44:00.173Z] [INFO] | requestId=req-1742622240166-812ys9trs, method=GET, url=/api/deliveries/personnel/67d7366cce20f0160c956af2, userAgent=okhttp/4.9.2, ip=::1, statusCode=304, duration=7ms - Response sent: GET /personnel/67d7366cce20f0160c956af2 304 (7ms)
[2025-03-22T06:01:18.242Z] [INFO] | requestId=req-1742623278242-20f4m3phd, method=POST, url=/api/users/login, userAgent=okhttp/4.9.2, ip=::1 - Request received: POST /api/users/login
[2025-03-22T06:01:18.317Z] [INFO] | requestId=req-1742623278242-20f4m3phd, method=POST, url=/api/users/login, userAgent=okhttp/4.9.2, ip=::1, statusCode=200, duration=75ms - Response sent: POST /login 200 (75ms)
[2025-03-22T06:01:19.386Z] [INFO] | requestId=req-1742623279386-y29lf80ef, method=GET, url=/api/deliveries/personnel/67d7366cce20f0160c956af2, userAgent=okhttp/4.9.2, ip=::1 - Request received: GET /api/deliveries/personnel/67d7366cce20f0160c956af2
[2025-03-22T06:01:19.396Z] [INFO] | requestId=req-1742623279386-y29lf80ef, method=GET, url=/api/deliveries/personnel/67d7366cce20f0160c956af2, userAgent=okhttp/4.9.2, ip=::1, statusCode=304, duration=10ms - Response sent: GET /personnel/67d7366cce20f0160c956af2 304 (10ms)
[2025-03-22T06:01:43.241Z] [INFO] | requestId=req-1742623303241-nrq9wt8dj, method=PUT, url=/api/users/67d7366cce20f0160c956af2/last-active, userAgent=okhttp/4.9.2, ip=::1 - Request received: PUT /api/users/67d7366cce20f0160c956af2/last-active
[2025-03-22T06:01:43.262Z] [INFO] | requestId=req-1742623303241-nrq9wt8dj, method=PUT, url=/api/users/67d7366cce20f0160c956af2/last-active, userAgent=okhttp/4.9.2, ip=::1, statusCode=200, duration=21ms - Response sent: PUT /67d7366cce20f0160c956af2/last-active 200 (21ms)
[2025-03-22T06:01:47.029Z] [INFO] | requestId=req-1742623307029-j86tk3j0z, method=GET, url=/api/deliveries/personnel/67d7366cce20f0160c956af2, userAgent=okhttp/4.9.2, ip=::1 - Request received: GET /api/deliveries/personnel/67d7366cce20f0160c956af2
[2025-03-22T06:01:47.036Z] [INFO] | requestId=req-1742623307029-j86tk3j0z, method=GET, url=/api/deliveries/personnel/67d7366cce20f0160c956af2, userAgent=okhttp/4.9.2, ip=::1, statusCode=304, duration=7ms - Response sent: GET /personnel/67d7366cce20f0160c956af2 304 (7ms)
[2025-03-22T06:17:15.676Z] [INFO] | requestId=req-1742624235676-uhuykg58i, method=GET, url=/api/deliveries/personnel/67d7366cce20f0160c956af2, userAgent=okhttp/4.9.2, ip=::1 - Request received: GET /api/deliveries/personnel/67d7366cce20f0160c956af2
[2025-03-22T06:17:15.687Z] [INFO] | requestId=req-1742624235676-uhuykg58i, method=GET, url=/api/deliveries/personnel/67d7366cce20f0160c956af2, userAgent=okhttp/4.9.2, ip=::1, statusCode=304, duration=11ms - Response sent: GET /personnel/67d7366cce20f0160c956af2 304 (11ms)
[2025-03-22T06:18:27.171Z] [INFO] | requestId=req-1742624307171-f8wcl5i2e, method=GET, url=/api/deliveries/67d7366cce20f0160c956af2, userAgent=PostmanRuntime/7.43.0, ip=::1 - Request received: GET /api/deliveries/67d7366cce20f0160c956af2
[2025-03-22T06:18:27.186Z] [ERROR] | requestId=req-1742624307171-f8wcl5i2e, method=GET, url=/api/deliveries/67d7366cce20f0160c956af2, userAgent=PostmanRuntime/7.43.0, ip=::1, statusCode=404, duration=15ms - Response error: GET /67d7366cce20f0160c956af2 404
[2025-03-22T06:19:07.596Z] [INFO] | requestId=req-1742624347596-2r0891e6b, method=GET, url=/api/deliveries/personnel/67d7366cce20f0160c956af2, userAgent=okhttp/4.9.2, ip=::1 - Request received: GET /api/deliveries/personnel/67d7366cce20f0160c956af2
[2025-03-22T06:19:07.625Z] [INFO] | requestId=req-1742624347596-2r0891e6b, method=GET, url=/api/deliveries/personnel/67d7366cce20f0160c956af2, userAgent=okhttp/4.9.2, ip=::1, statusCode=304, duration=29ms - Response sent: GET /personnel/67d7366cce20f0160c956af2 304 (29ms)
[2025-03-22T06:19:12.204Z] [INFO] | requestId=req-1742624352204-juupb6c4y, method=GET, url=/api/deliveries/personnel/67d7366cce20f0160c956af2, userAgent=okhttp/4.9.2, ip=::1 - Request received: GET /api/deliveries/personnel/67d7366cce20f0160c956af2
[2025-03-22T06:19:12.209Z] [INFO] | requestId=req-1742624352204-juupb6c4y, method=GET, url=/api/deliveries/personnel/67d7366cce20f0160c956af2, userAgent=okhttp/4.9.2, ip=::1, statusCode=304, duration=5ms - Response sent: GET /personnel/67d7366cce20f0160c956af2 304 (5ms)
[2025-03-22T06:19:26.692Z] [INFO] | requestId=req-1742624366692-o9xfoolc9, method=GET, url=/api/deliveries/personnel/67d7366cce20f0160c956af2, userAgent=okhttp/4.9.2, ip=::1 - Request received: GET /api/deliveries/personnel/67d7366cce20f0160c956af2
[2025-03-22T06:19:26.702Z] [INFO] | requestId=req-1742624366692-o9xfoolc9, method=GET, url=/api/deliveries/personnel/67d7366cce20f0160c956af2, userAgent=okhttp/4.9.2, ip=::1, statusCode=304, duration=10ms - Response sent: GET /personnel/67d7366cce20f0160c956af2 304 (10ms)
[2025-03-22T06:19:31.297Z] [INFO] | requestId=req-1742624371297-5s6daz153, method=GET, url=/api/deliveries/personnel/67d7366cce20f0160c956af2, userAgent=okhttp/4.9.2, ip=::1 - Request received: GET /api/deliveries/personnel/67d7366cce20f0160c956af2
[2025-03-22T06:19:31.302Z] [INFO] | requestId=req-1742624371297-5s6daz153, method=GET, url=/api/deliveries/personnel/67d7366cce20f0160c956af2, userAgent=okhttp/4.9.2, ip=::1, statusCode=304, duration=5ms - Response sent: GET /personnel/67d7366cce20f0160c956af2 304 (5ms)
[2025-03-22T06:19:34.399Z] [INFO] | requestId=req-1742624374399-ixeimn4rs, method=GET, url=/api/users/67d7366cce20f0160c956af2, userAgent=okhttp/4.9.2, ip=::1 - Request received: GET /api/users/67d7366cce20f0160c956af2
[2025-03-22T06:19:34.402Z] [INFO] | requestId=req-1742624374399-ixeimn4rs, method=GET, url=/api/users/67d7366cce20f0160c956af2, userAgent=okhttp/4.9.2, ip=::1, statusCode=200, duration=3ms - Response sent: GET /67d7366cce20f0160c956af2 200 (3ms)
[2025-03-22T06:19:56.655Z] [INFO] | requestId=req-1742624396655-5jtezh1yh, method=PUT, url=/api/users/67d7366cce20f0160c956af2/last-active, userAgent=okhttp/4.9.2, ip=::1 - Request received: PUT /api/users/67d7366cce20f0160c956af2/last-active
[2025-03-22T06:19:56.674Z] [INFO] | requestId=req-1742624396655-5jtezh1yh, method=PUT, url=/api/users/67d7366cce20f0160c956af2/last-active, userAgent=okhttp/4.9.2, ip=::1, statusCode=200, duration=19ms - Response sent: PUT /67d7366cce20f0160c956af2/last-active 200 (19ms)
[2025-03-22T06:20:00.807Z] [INFO] | requestId=req-1742624400807-z2vu29pwg, method=GET, url=/api/deliveries/personnel/67d7366cce20f0160c956af2, userAgent=okhttp/4.9.2, ip=::1 - Request received: GET /api/deliveries/personnel/67d7366cce20f0160c956af2
[2025-03-22T06:20:00.813Z] [INFO] | requestId=req-1742624400807-z2vu29pwg, method=GET, url=/api/deliveries/personnel/67d7366cce20f0160c956af2, userAgent=okhttp/4.9.2, ip=::1, statusCode=304, duration=6ms - Response sent: GET /personnel/67d7366cce20f0160c956af2 304 (6ms)
[2025-03-22T06:31:51.908Z] [INFO] | requestId=req-1742625111907-r4ggjf1gz, method=POST, url=/api/users/login, userAgent=okhttp/4.9.2, ip=::1 - Request received: POST /api/users/login
[2025-03-22T06:31:52.006Z] [INFO] | requestId=req-1742625111907-r4ggjf1gz, method=POST, url=/api/users/login, userAgent=okhttp/4.9.2, ip=::1, statusCode=200, duration=98ms - Response sent: POST /login 200 (98ms)
[2025-03-22T06:31:54.084Z] [INFO] | requestId=req-1742625114084-e35mzy0xl, method=GET, url=/api/deliveries/personnel/67d7366cce20f0160c956af2, userAgent=okhttp/4.9.2, ip=::1 - Request received: GET /api/deliveries/personnel/67d7366cce20f0160c956af2
[2025-03-22T06:31:54.091Z] [INFO] | requestId=req-1742625114084-e35mzy0xl, method=GET, url=/api/deliveries/personnel/67d7366cce20f0160c956af2, userAgent=okhttp/4.9.2, ip=::1, statusCode=304, duration=7ms - Response sent: GET /personnel/67d7366cce20f0160c956af2 304 (7ms)
[2025-03-22T06:32:55.109Z] [INFO] | requestId=req-1742625175109-d4apd5jsl, method=PUT, url=/api/users/67d7366cce20f0160c956af2/last-active, userAgent=okhttp/4.9.2, ip=::1 - Request received: PUT /api/users/67d7366cce20f0160c956af2/last-active
[2025-03-22T06:32:55.130Z] [INFO] | requestId=req-1742625175109-d4apd5jsl, method=PUT, url=/api/users/67d7366cce20f0160c956af2/last-active, userAgent=okhttp/4.9.2, ip=::1, statusCode=200, duration=20ms - Response sent: PUT /67d7366cce20f0160c956af2/last-active 200 (20ms)
[2025-03-22T06:33:12.311Z] [INFO] | requestId=req-1742625192311-zaw18wznv, method=GET, url=/api/deliveries/personnel/67d7366cce20f0160c956af2, userAgent=okhttp/4.9.2, ip=::1 - Request received: GET /api/deliveries/personnel/67d7366cce20f0160c956af2
[2025-03-22T06:33:12.325Z] [INFO] | requestId=req-1742625192311-zaw18wznv, method=GET, url=/api/deliveries/personnel/67d7366cce20f0160c956af2, userAgent=okhttp/4.9.2, ip=::1, statusCode=304, duration=14ms - Response sent: GET /personnel/67d7366cce20f0160c956af2 304 (14ms)
[2025-03-22T06:33:49.660Z] [INFO] | requestId=req-1742625229660-6kjc9d842, method=PUT, url=/api/users/67d7366cce20f0160c956af2/last-active, userAgent=okhttp/4.9.2, ip=::1 - Request received: PUT /api/users/67d7366cce20f0160c956af2/last-active
[2025-03-22T06:33:49.669Z] [INFO] | requestId=req-1742625229660-6kjc9d842, method=PUT, url=/api/users/67d7366cce20f0160c956af2/last-active, userAgent=okhttp/4.9.2, ip=::1, statusCode=200, duration=9ms - Response sent: PUT /67d7366cce20f0160c956af2/last-active 200 (9ms)
[2025-03-22T06:34:38.457Z] [INFO] | requestId=req-1742625278457-1d2eakwb2, method=GET, url=/api/deliveries/personnel/67d7366cce20f0160c956af2, userAgent=okhttp/4.9.2, ip=::1 - Request received: GET /api/deliveries/personnel/67d7366cce20f0160c956af2
[2025-03-22T06:34:38.469Z] [INFO] | requestId=req-1742625278457-1d2eakwb2, method=GET, url=/api/deliveries/personnel/67d7366cce20f0160c956af2, userAgent=okhttp/4.9.2, ip=::1, statusCode=304, duration=12ms - Response sent: GET /personnel/67d7366cce20f0160c956af2 304 (12ms)
[2025-03-22T06:39:33.520Z] [INFO] | requestId=req-1742625573520-lrkzc07qp, method=PUT, url=/api/users/67d7366cce20f0160c956af2/last-active, userAgent=okhttp/4.9.2, ip=::1 - Request received: PUT /api/users/67d7366cce20f0160c956af2/last-active
[2025-03-22T06:39:33.528Z] [INFO] | requestId=req-1742625573520-lrkzc07qp, method=PUT, url=/api/users/67d7366cce20f0160c956af2/last-active, userAgent=okhttp/4.9.2, ip=::1, statusCode=200, duration=8ms - Response sent: PUT /67d7366cce20f0160c956af2/last-active 200 (8ms)
[2025-03-22T06:39:37.389Z] [INFO] | requestId=req-1742625577389-xln6o35tk, method=GET, url=/api/containers/inventory/67d7366cce20f0160c956af2, userAgent=okhttp/4.9.2, ip=::1 - Request received: GET /api/containers/inventory/67d7366cce20f0160c956af2
[2025-03-22T06:39:37.414Z] [INFO] | requestId=req-1742625577389-xln6o35tk, method=GET, url=/api/containers/inventory/67d7366cce20f0160c956af2, userAgent=okhttp/4.9.2, ip=::1, statusCode=200, duration=25ms - Response sent: GET /inventory/67d7366cce20f0160c956af2 200 (25ms)
[2025-03-22T06:39:37.439Z] [INFO] | requestId=req-1742625577439-5af0lo2xk, method=GET, url=/api/users/counts/role, userAgent=okhttp/4.9.2, ip=::1 - Request received: GET /api/users/counts/role
[2025-03-22T06:39:37.443Z] [INFO] | requestId=req-1742625577439-5af0lo2xk, method=GET, url=/api/users/counts/role, userAgent=okhttp/4.9.2, ip=::1, statusCode=200, duration=4ms - Response sent: GET /counts/role 200 (4ms)
[2025-03-22T06:39:37.454Z] [INFO] | requestId=req-1742625577454-hllb2xu3l, method=GET, url=/api/reports/pending-containers, userAgent=okhttp/4.9.2, ip=::1 - Request received: GET /api/reports/pending-containers
[2025-03-22T06:39:37.459Z] [INFO] | requestId=req-1742625577454-hllb2xu3l, method=GET, url=/api/reports/pending-containers, userAgent=okhttp/4.9.2, ip=::1, statusCode=200, duration=5ms - Response sent: GET /pending-containers 200 (5ms)
[2025-03-22T06:39:37.509Z] [INFO] | requestId=req-1742625577509-ee3ck6c95, method=GET, url=/api/deliveries/admin/67d7366cce20f0160c956af2/statistics, userAgent=okhttp/4.9.2, ip=::1 - Request received: GET /api/deliveries/admin/67d7366cce20f0160c956af2/statistics
[2025-03-22T06:39:37.513Z] [ERROR] | requestId=req-1742625577509-ee3ck6c95, method=GET, url=/api/deliveries/admin/67d7366cce20f0160c956af2/statistics, userAgent=okhttp/4.9.2, ip=::1, statusCode=400, duration=4ms - Response error: GET /admin/67d7366cce20f0160c956af2/statistics 400
[2025-03-22T06:39:37.526Z] [INFO] | requestId=req-1742625577526-z74xl3n1p, method=GET, url=/api/subscriptions/stats/admin/67d7366cce20f0160c956af2, userAgent=okhttp/4.9.2, ip=::1 - Request received: GET /api/subscriptions/stats/admin/67d7366cce20f0160c956af2
[2025-03-22T06:39:37.535Z] [INFO] | requestId=req-1742625577526-z74xl3n1p, method=GET, url=/api/subscriptions/stats/admin/67d7366cce20f0160c956af2, userAgent=okhttp/4.9.2, ip=::1, statusCode=200, duration=9ms - Response sent: GET /stats/admin/67d7366cce20f0160c956af2 200 (9ms)
[2025-03-22T06:39:37.571Z] [INFO] | requestId=req-1742625577571-srt2j5nie, method=GET, url=/api/subscriptions/stats/revenue/67d7366cce20f0160c956af2, userAgent=okhttp/4.9.2, ip=::1 - Request received: GET /api/subscriptions/stats/revenue/67d7366cce20f0160c956af2
[2025-03-22T06:39:37.577Z] [INFO] | requestId=req-1742625577577-ny7p8tc7q, method=GET, url=/api/subscriptions/stats/top-subscribers/67d7366cce20f0160c956af2, userAgent=okhttp/4.9.2, ip=::1 - Request received: GET /api/subscriptions/stats/top-subscribers/67d7366cce20f0160c956af2
[2025-03-22T06:39:37.586Z] [INFO] | requestId=req-1742625577571-srt2j5nie, method=GET, url=/api/subscriptions/stats/revenue/67d7366cce20f0160c956af2, userAgent=okhttp/4.9.2, ip=::1, statusCode=200, duration=15ms - Response sent: GET /stats/revenue/67d7366cce20f0160c956af2 200 (15ms)
[2025-03-22T06:39:37.587Z] [INFO] | requestId=req-1742625577587-gho476gzx, method=GET, url=/api/subscribers/counts/zone, userAgent=okhttp/4.9.2, ip=::1 - Request received: GET /api/subscribers/counts/zone
[2025-03-22T06:39:37.592Z] [INFO] | requestId=req-1742625577577-ny7p8tc7q, method=GET, url=/api/subscriptions/stats/top-subscribers/67d7366cce20f0160c956af2, userAgent=okhttp/4.9.2, ip=::1, statusCode=200, duration=15ms - Response sent: GET /stats/top-subscribers/67d7366cce20f0160c956af2 200 (15ms)
[2025-03-22T06:39:37.599Z] [INFO] | requestId=req-1742625577587-gho476gzx, method=GET, url=/api/subscribers/counts/zone, userAgent=okhttp/4.9.2, ip=::1, statusCode=200, duration=12ms - Response sent: GET /counts/zone 200 (12ms)
[2025-03-22T06:39:37.614Z] [INFO] | requestId=req-1742625577614-08qe50pe0, method=GET, url=/api/deliveries/efficiency/personnel, userAgent=okhttp/4.9.2, ip=::1 - Request received: GET /api/deliveries/efficiency/personnel
[2025-03-22T06:39:37.618Z] [ERROR] | requestId=req-1742625577614-08qe50pe0, method=GET, url=/api/deliveries/efficiency/personnel, userAgent=okhttp/4.9.2, ip=::1, statusCode=400, duration=4ms - Response error: GET /efficiency/personnel 400
[2025-03-22T06:39:41.118Z] [INFO] | requestId=req-1742625581118-5wx8id3sg, method=GET, url=/api/subscribers/counts/type, userAgent=okhttp/4.9.2, ip=::1 - Request received: GET /api/subscribers/counts/type
[2025-03-22T06:39:41.131Z] [INFO] | requestId=req-1742625581118-5wx8id3sg, method=GET, url=/api/subscribers/counts/type, userAgent=okhttp/4.9.2, ip=::1, statusCode=200, duration=13ms - Response sent: GET /counts/type 200 (13ms)
[2025-03-22T06:44:31.407Z] [INFO] | requestId=req-1742625871407-29wmdcyoi, method=GET, url=/api/subscriptions/admin/67d7366cce20f0160c956af2, userAgent=okhttp/4.9.2, ip=::1 - Request received: GET /api/subscriptions/admin/67d7366cce20f0160c956af2
[2025-03-22T06:44:31.411Z] [INFO] | requestId=req-1742625871411-zdfe5mwke, method=GET, url=/api/reports/pending-containers, userAgent=okhttp/4.9.2, ip=::1 - Request received: GET /api/reports/pending-containers
[2025-03-22T06:44:31.415Z] [INFO] | requestId=req-1742625871411-zdfe5mwke, method=GET, url=/api/reports/pending-containers, userAgent=okhttp/4.9.2, ip=::1, statusCode=304, duration=4ms - Response sent: GET /pending-containers 304 (4ms)
[2025-03-22T06:44:31.417Z] [INFO] | requestId=req-1742625871407-29wmdcyoi, method=GET, url=/api/subscriptions/admin/67d7366cce20f0160c956af2, userAgent=okhttp/4.9.2, ip=::1, statusCode=200, duration=10ms - Response sent: GET /admin/67d7366cce20f0160c956af2 200 (10ms)
[2025-03-22T06:44:31.429Z] [INFO] | requestId=req-1742625871429-91rzxl2hz, method=GET, url=/api/users/counts/role, userAgent=okhttp/4.9.2, ip=::1 - Request received: GET /api/users/counts/role
[2025-03-22T06:44:31.431Z] [INFO] | requestId=req-1742625871429-91rzxl2hz, method=GET, url=/api/users/counts/role, userAgent=okhttp/4.9.2, ip=::1, statusCode=304, duration=2ms - Response sent: GET /counts/role 304 (2ms)
[2025-03-22T06:44:31.503Z] [INFO] | requestId=req-1742625871503-bz0rtmlig, method=GET, url=/api/subscribers/counts/zone, userAgent=okhttp/4.9.2, ip=::1 - Request received: GET /api/subscribers/counts/zone
[2025-03-22T06:44:31.507Z] [INFO] | requestId=req-1742625871503-bz0rtmlig, method=GET, url=/api/subscribers/counts/zone, userAgent=okhttp/4.9.2, ip=::1, statusCode=304, duration=4ms - Response sent: GET /counts/zone 304 (4ms)
[2025-03-22T06:44:31.527Z] [INFO] | requestId=req-1742625871527-25vg1t6nu, method=GET, url=/api/subscriptions/stats/admin/67d7366cce20f0160c956af2, userAgent=okhttp/4.9.2, ip=::1 - Request received: GET /api/subscriptions/stats/admin/67d7366cce20f0160c956af2
[2025-03-22T06:44:31.529Z] [INFO] | requestId=req-1742625871529-b4xm9tzx7, method=GET, url=/api/subscriptions/stats/revenue/67d7366cce20f0160c956af2, userAgent=okhttp/4.9.2, ip=::1 - Request received: GET /api/subscriptions/stats/revenue/67d7366cce20f0160c956af2
[2025-03-22T06:44:31.532Z] [INFO] | requestId=req-1742625871527-25vg1t6nu, method=GET, url=/api/subscriptions/stats/admin/67d7366cce20f0160c956af2, userAgent=okhttp/4.9.2, ip=::1, statusCode=304, duration=5ms - Response sent: GET /stats/admin/67d7366cce20f0160c956af2 304 (5ms)
[2025-03-22T06:44:31.533Z] [INFO] | requestId=req-1742625871529-b4xm9tzx7, method=GET, url=/api/subscriptions/stats/revenue/67d7366cce20f0160c956af2, userAgent=okhttp/4.9.2, ip=::1, statusCode=304, duration=4ms - Response sent: GET /stats/revenue/67d7366cce20f0160c956af2 304 (4ms)
[2025-03-22T06:44:31.571Z] [INFO] | requestId=req-1742625871571-klc270c6t, method=GET, url=/api/subscriptions/stats/top-subscribers/67d7366cce20f0160c956af2, userAgent=okhttp/4.9.2, ip=::1 - Request received: GET /api/subscriptions/stats/top-subscribers/67d7366cce20f0160c956af2
[2025-03-22T06:44:31.576Z] [INFO] | requestId=req-1742625871571-klc270c6t, method=GET, url=/api/subscriptions/stats/top-subscribers/67d7366cce20f0160c956af2, userAgent=okhttp/4.9.2, ip=::1, statusCode=304, duration=5ms - Response sent: GET /stats/top-subscribers/67d7366cce20f0160c956af2 304 (5ms)
[2025-03-22T06:44:31.587Z] [INFO] | requestId=req-1742625871587-etmqkckxg, method=GET, url=/api/deliveries/efficiency/personnel, userAgent=okhttp/4.9.2, ip=::1 - Request received: GET /api/deliveries/efficiency/personnel
[2025-03-22T06:44:31.590Z] [ERROR] | requestId=req-1742625871587-etmqkckxg, method=GET, url=/api/deliveries/efficiency/personnel, userAgent=okhttp/4.9.2, ip=::1, statusCode=400, duration=3ms - Response error: GET /efficiency/personnel 400
[2025-03-22T06:44:31.596Z] [INFO] | requestId=req-1742625871596-1d192cd4d, method=GET, url=/api/subscribers, userAgent=okhttp/4.9.2, ip=::1 - Request received: GET /api/subscribers
[2025-03-22T06:44:31.600Z] [INFO] | requestId=req-1742625871596-1d192cd4d, method=GET, url=/api/subscribers, userAgent=okhttp/4.9.2, ip=::1, statusCode=200, duration=4ms - Response sent: GET / 200 (4ms)
[2025-03-22T06:44:31.636Z] [INFO] | requestId=req-1742625871636-qjh4tguxq, method=GET, url=/api/subscribers/counts/zone, userAgent=okhttp/4.9.2, ip=::1 - Request received: GET /api/subscribers/counts/zone
[2025-03-22T06:44:31.640Z] [INFO] | requestId=req-1742625871636-qjh4tguxq, method=GET, url=/api/subscribers/counts/zone, userAgent=okhttp/4.9.2, ip=::1, statusCode=304, duration=4ms - Response sent: GET /counts/zone 304 (4ms)
[2025-03-22T06:44:32.366Z] [INFO] | requestId=req-1742625872366-sf7a55fdl, method=GET, url=/api/deliveries/admin/67d7366cce20f0160c956af2/statistics, userAgent=okhttp/4.9.2, ip=::1 - Request received: GET /api/deliveries/admin/67d7366cce20f0160c956af2/statistics
[2025-03-22T06:44:32.371Z] [ERROR] | requestId=req-1742625872366-sf7a55fdl, method=GET, url=/api/deliveries/admin/67d7366cce20f0160c956af2/statistics, userAgent=okhttp/4.9.2, ip=::1, statusCode=400, duration=5ms - Response error: GET /admin/67d7366cce20f0160c956af2/statistics 400
[2025-03-22T06:44:32.495Z] [INFO] | requestId=req-1742625872495-cec89hvd0, method=GET, url=/api/subscribers/counts/type, userAgent=okhttp/4.9.2, ip=::1 - Request received: GET /api/subscribers/counts/type
[2025-03-22T06:44:32.499Z] [INFO] | requestId=req-1742625872495-cec89hvd0, method=GET, url=/api/subscribers/counts/type, userAgent=okhttp/4.9.2, ip=::1, statusCode=304, duration=4ms - Response sent: GET /counts/type 304 (4ms)
[2025-03-22T06:44:33.391Z] [INFO] | requestId=req-1742625873391-szpihnukg, method=GET, url=/api/containers/inventory/67d7366cce20f0160c956af2, userAgent=okhttp/4.9.2, ip=::1 - Request received: GET /api/containers/inventory/67d7366cce20f0160c956af2
[2025-03-22T06:44:33.398Z] [INFO] | requestId=req-1742625873391-szpihnukg, method=GET, url=/api/containers/inventory/67d7366cce20f0160c956af2, userAgent=okhttp/4.9.2, ip=::1, statusCode=304, duration=7ms - Response sent: GET /inventory/67d7366cce20f0160c956af2 304 (7ms)
[2025-03-22T06:52:46.174Z] [INFO] | requestId=req-1742626366174-kxyup5spe, method=PUT, url=/api/users/67d7366cce20f0160c956af2/last-active, userAgent=okhttp/4.9.2, ip=::1 - Request received: PUT /api/users/67d7366cce20f0160c956af2/last-active
[2025-03-22T06:52:46.181Z] [INFO] | requestId=req-1742626366174-kxyup5spe, method=PUT, url=/api/users/67d7366cce20f0160c956af2/last-active, userAgent=okhttp/4.9.2, ip=::1, statusCode=200, duration=7ms - Response sent: PUT /67d7366cce20f0160c956af2/last-active 200 (7ms)
[2025-03-22T06:52:53.070Z] [INFO] | requestId=req-1742626373070-ytfi3zasq, method=GET, url=/api/containers/inventory/67d7366cce20f0160c956af2, userAgent=okhttp/4.9.2, ip=::1 - Request received: GET /api/containers/inventory/67d7366cce20f0160c956af2
[2025-03-22T06:52:53.075Z] [INFO] | requestId=req-1742626373075-sqsg4aak8, method=GET, url=/api/users/counts/role, userAgent=okhttp/4.9.2, ip=::1 - Request received: GET /api/users/counts/role
[2025-03-22T06:52:53.079Z] [INFO] | requestId=req-1742626373075-sqsg4aak8, method=GET, url=/api/users/counts/role, userAgent=okhttp/4.9.2, ip=::1, statusCode=304, duration=4ms - Response sent: GET /counts/role 304 (4ms)
[2025-03-22T06:52:53.080Z] [INFO] | requestId=req-1742626373070-ytfi3zasq, method=GET, url=/api/containers/inventory/67d7366cce20f0160c956af2, userAgent=okhttp/4.9.2, ip=::1, statusCode=304, duration=10ms - Response sent: GET /inventory/67d7366cce20f0160c956af2 304 (10ms)
[2025-03-22T06:52:53.170Z] [INFO] | requestId=req-1742626373170-25riwtrvn, method=GET, url=/api/deliveries/admin/67d7366cce20f0160c956af2/statistics, userAgent=okhttp/4.9.2, ip=::1 - Request received: GET /api/deliveries/admin/67d7366cce20f0160c956af2/statistics
[2025-03-22T06:52:53.174Z] [ERROR] | requestId=req-1742626373170-25riwtrvn, method=GET, url=/api/deliveries/admin/67d7366cce20f0160c956af2/statistics, userAgent=okhttp/4.9.2, ip=::1, statusCode=400, duration=4ms - Response error: GET /admin/67d7366cce20f0160c956af2/statistics 400
[2025-03-22T06:52:53.195Z] [INFO] | requestId=req-1742626373195-wgp45bz2m, method=GET, url=/api/reports/pending-containers, userAgent=okhttp/4.9.2, ip=::1 - Request received: GET /api/reports/pending-containers
[2025-03-22T06:52:53.200Z] [INFO] | requestId=req-1742626373195-wgp45bz2m, method=GET, url=/api/reports/pending-containers, userAgent=okhttp/4.9.2, ip=::1, statusCode=304, duration=5ms - Response sent: GET /pending-containers 304 (5ms)
[2025-03-22T06:52:53.743Z] [INFO] | requestId=req-1742626373743-b392btnjw, method=GET, url=/api/subscriptions/stats/admin/67d7366cce20f0160c956af2, userAgent=okhttp/4.9.2, ip=::1 - Request received: GET /api/subscriptions/stats/admin/67d7366cce20f0160c956af2
[2025-03-22T06:52:53.752Z] [INFO] | requestId=req-1742626373743-b392btnjw, method=GET, url=/api/subscriptions/stats/admin/67d7366cce20f0160c956af2, userAgent=okhttp/4.9.2, ip=::1, statusCode=304, duration=9ms - Response sent: GET /stats/admin/67d7366cce20f0160c956af2 304 (9ms)
[2025-03-22T06:52:53.782Z] [INFO] | requestId=req-1742626373782-1u8yrm4nw, method=GET, url=/api/subscribers/counts/zone, userAgent=okhttp/4.9.2, ip=::1 - Request received: GET /api/subscribers/counts/zone
[2025-03-22T06:52:53.790Z] [INFO] | requestId=req-1742626373782-1u8yrm4nw, method=GET, url=/api/subscribers/counts/zone, userAgent=okhttp/4.9.2, ip=::1, statusCode=304, duration=8ms - Response sent: GET /counts/zone 304 (8ms)
[2025-03-22T06:52:53.930Z] [INFO] | requestId=req-1742626373930-6jxcjn5l5, method=GET, url=/api/subscriptions/stats/revenue/67d7366cce20f0160c956af2, userAgent=okhttp/4.9.2, ip=::1 - Request received: GET /api/subscriptions/stats/revenue/67d7366cce20f0160c956af2
[2025-03-22T06:52:53.941Z] [INFO] | requestId=req-1742626373930-6jxcjn5l5, method=GET, url=/api/subscriptions/stats/revenue/67d7366cce20f0160c956af2, userAgent=okhttp/4.9.2, ip=::1, statusCode=304, duration=11ms - Response sent: GET /stats/revenue/67d7366cce20f0160c956af2 304 (11ms)
[2025-03-22T06:52:53.990Z] [INFO] | requestId=req-1742626373990-tpriw5sic, method=GET, url=/api/deliveries/efficiency/personnel, userAgent=okhttp/4.9.2, ip=::1 - Request received: GET /api/deliveries/efficiency/personnel
[2025-03-22T06:52:53.994Z] [ERROR] | requestId=req-1742626373990-tpriw5sic, method=GET, url=/api/deliveries/efficiency/personnel, userAgent=okhttp/4.9.2, ip=::1, statusCode=400, duration=4ms - Response error: GET /efficiency/personnel 400
[2025-03-22T06:52:54.009Z] [INFO] | requestId=req-1742626374009-309zur8d6, method=GET, url=/api/subscriptions/stats/top-subscribers/67d7366cce20f0160c956af2, userAgent=okhttp/4.9.2, ip=::1 - Request received: GET /api/subscriptions/stats/top-subscribers/67d7366cce20f0160c956af2
[2025-03-22T06:52:54.014Z] [INFO] | requestId=req-1742626374009-309zur8d6, method=GET, url=/api/subscriptions/stats/top-subscribers/67d7366cce20f0160c956af2, userAgent=okhttp/4.9.2, ip=::1, statusCode=304, duration=5ms - Response sent: GET /stats/top-subscribers/67d7366cce20f0160c956af2 304 (5ms)
[2025-03-22T06:52:56.087Z] [INFO] | requestId=req-1742626376087-2d3757ha5, method=GET, url=/api/subscribers/counts/type, userAgent=okhttp/4.9.2, ip=::1 - Request received: GET /api/subscribers/counts/type
[2025-03-22T06:52:56.091Z] [INFO] | requestId=req-1742626376087-2d3757ha5, method=GET, url=/api/subscribers/counts/type, userAgent=okhttp/4.9.2, ip=::1, statusCode=304, duration=4ms - Response sent: GET /counts/type 304 (4ms)
[2025-03-22T07:02:58.971Z] [INFO] | requestId=req-1742626978971-zz69zljqk, method=GET, url=/api/users/counts/role, userAgent=okhttp/4.9.2, ip=::1 - Request received: GET /api/users/counts/role
[2025-03-22T07:02:58.976Z] [INFO] | requestId=req-1742626978971-zz69zljqk, method=GET, url=/api/users/counts/role, userAgent=okhttp/4.9.2, ip=::1, statusCode=304, duration=5ms - Response sent: GET /counts/role 304 (5ms)
[2025-03-22T07:02:59.003Z] [INFO] | requestId=req-1742626979003-ddss748pc, method=GET, url=/api/reports/pending-containers, userAgent=okhttp/4.9.2, ip=::1 - Request received: GET /api/reports/pending-containers
[2025-03-22T07:02:59.006Z] [INFO] | requestId=req-1742626979006-yg5efew3b, method=GET, url=/api/containers/inventory/67d7366cce20f0160c956af2, userAgent=okhttp/4.9.2, ip=::1 - Request received: GET /api/containers/inventory/67d7366cce20f0160c956af2
[2025-03-22T07:02:59.009Z] [INFO] | requestId=req-1742626979003-ddss748pc, method=GET, url=/api/reports/pending-containers, userAgent=okhttp/4.9.2, ip=::1, statusCode=304, duration=6ms - Response sent: GET /pending-containers 304 (6ms)
[2025-03-22T07:02:59.010Z] [INFO] | requestId=req-1742626979006-yg5efew3b, method=GET, url=/api/containers/inventory/67d7366cce20f0160c956af2, userAgent=okhttp/4.9.2, ip=::1, statusCode=304, duration=4ms - Response sent: GET /inventory/67d7366cce20f0160c956af2 304 (4ms)
[2025-03-22T07:02:59.076Z] [INFO] | requestId=req-1742626979076-5ws34m9yt, method=GET, url=/api/subscriptions/stats/revenue/67d7366cce20f0160c956af2, userAgent=okhttp/4.9.2, ip=::1 - Request received: GET /api/subscriptions/stats/revenue/67d7366cce20f0160c956af2
[2025-03-22T07:02:59.080Z] [INFO] | requestId=req-1742626979080-rjhhu82ep, method=GET, url=/api/subscriptions/stats/top-subscribers/67d7366cce20f0160c956af2, userAgent=okhttp/4.9.2, ip=::1 - Request received: GET /api/subscriptions/stats/top-subscribers/67d7366cce20f0160c956af2
[2025-03-22T07:02:59.082Z] [INFO] | requestId=req-1742626979076-5ws34m9yt, method=GET, url=/api/subscriptions/stats/revenue/67d7366cce20f0160c956af2, userAgent=okhttp/4.9.2, ip=::1, statusCode=304, duration=6ms - Response sent: GET /stats/revenue/67d7366cce20f0160c956af2 304 (6ms)
[2025-03-22T07:02:59.084Z] [INFO] | requestId=req-1742626979084-60qacgpay, method=GET, url=/api/subscribers/counts/zone, userAgent=okhttp/4.9.2, ip=::1 - Request received: GET /api/subscribers/counts/zone
[2025-03-22T07:02:59.087Z] [INFO] | requestId=req-1742626979080-rjhhu82ep, method=GET, url=/api/subscriptions/stats/top-subscribers/67d7366cce20f0160c956af2, userAgent=okhttp/4.9.2, ip=::1, statusCode=304, duration=7ms - Response sent: GET /stats/top-subscribers/67d7366cce20f0160c956af2 304 (7ms)
[2025-03-22T07:02:59.090Z] [INFO] | requestId=req-1742626979084-60qacgpay, method=GET, url=/api/subscribers/counts/zone, userAgent=okhttp/4.9.2, ip=::1, statusCode=304, duration=6ms - Response sent: GET /counts/zone 304 (6ms)
[2025-03-22T07:02:59.161Z] [INFO] | requestId=req-1742626979161-77k4z4rvx, method=GET, url=/api/deliveries/efficiency/personnel, userAgent=okhttp/4.9.2, ip=::1 - Request received: GET /api/deliveries/efficiency/personnel
[2025-03-22T07:02:59.164Z] [ERROR] | requestId=req-1742626979161-77k4z4rvx, method=GET, url=/api/deliveries/efficiency/personnel, userAgent=okhttp/4.9.2, ip=::1, statusCode=400, duration=3ms - Response error: GET /efficiency/personnel 400
[2025-03-22T07:02:59.738Z] [INFO] | requestId=req-1742626979738-zlanvvrln, method=GET, url=/api/subscribers/counts/type, userAgent=okhttp/4.9.2, ip=::1 - Request received: GET /api/subscribers/counts/type
[2025-03-22T07:02:59.748Z] [INFO] | requestId=req-1742626979738-zlanvvrln, method=GET, url=/api/subscribers/counts/type, userAgent=okhttp/4.9.2, ip=::1, statusCode=304, duration=10ms - Response sent: GET /counts/type 304 (10ms)
[2025-03-22T07:02:59.957Z] [INFO] | requestId=req-1742626979957-milk5tdl7, method=GET, url=/api/deliveries/admin/67d7366cce20f0160c956af2/statistics, userAgent=okhttp/4.9.2, ip=::1 - Request received: GET /api/deliveries/admin/67d7366cce20f0160c956af2/statistics
[2025-03-22T07:02:59.960Z] [ERROR] | requestId=req-1742626979957-milk5tdl7, method=GET, url=/api/deliveries/admin/67d7366cce20f0160c956af2/statistics, userAgent=okhttp/4.9.2, ip=::1, statusCode=400, duration=3ms - Response error: GET /admin/67d7366cce20f0160c956af2/statistics 400
[2025-03-22T07:02:59.994Z] [INFO] | requestId=req-1742626979994-vsi7i7n5v, method=GET, url=/api/subscriptions/stats/admin/67d7366cce20f0160c956af2, userAgent=okhttp/4.9.2, ip=::1 - Request received: GET /api/subscriptions/stats/admin/67d7366cce20f0160c956af2
[2025-03-22T07:02:59.998Z] [INFO] | requestId=req-1742626979994-vsi7i7n5v, method=GET, url=/api/subscriptions/stats/admin/67d7366cce20f0160c956af2, userAgent=okhttp/4.9.2, ip=::1, statusCode=304, duration=4ms - Response sent: GET /stats/admin/67d7366cce20f0160c956af2 304 (4ms)
[2025-03-22T07:41:20.365Z] [INFO] | requestId=req-1742629280365-7bdl2tmb3, method=GET, url=/api/subscriptions/stats/admin/67d7366cce20f0160c956af2, userAgent=okhttp/4.9.2, ip=::1 - Request received: GET /api/subscriptions/stats/admin/67d7366cce20f0160c956af2
[2025-03-22T07:41:20.385Z] [INFO] | requestId=req-1742629280365-7bdl2tmb3, method=GET, url=/api/subscriptions/stats/admin/67d7366cce20f0160c956af2, userAgent=okhttp/4.9.2, ip=::1, statusCode=304, duration=20ms - Response sent: GET /stats/admin/67d7366cce20f0160c956af2 304 (20ms)
[2025-03-22T07:41:20.436Z] [INFO] | requestId=req-1742629280436-gvvc2scka, method=GET, url=/api/deliveries/admin/67d7366cce20f0160c956af2/statistics, userAgent=okhttp/4.9.2, ip=::1 - Request received: GET /api/deliveries/admin/67d7366cce20f0160c956af2/statistics
[2025-03-22T07:41:20.438Z] [ERROR] | requestId=req-1742629280436-gvvc2scka, method=GET, url=/api/deliveries/admin/67d7366cce20f0160c956af2/statistics, userAgent=okhttp/4.9.2, ip=::1, statusCode=400, duration=2ms - Response error: GET /admin/67d7366cce20f0160c956af2/statistics 400
[2025-03-22T07:41:20.457Z] [INFO] | requestId=req-1742629280457-h65hevan9, method=GET, url=/api/reports/pending-containers, userAgent=okhttp/4.9.2, ip=::1 - Request received: GET /api/reports/pending-containers
[2025-03-22T07:41:20.464Z] [INFO] | requestId=req-1742629280457-h65hevan9, method=GET, url=/api/reports/pending-containers, userAgent=okhttp/4.9.2, ip=::1, statusCode=304, duration=7ms - Response sent: GET /pending-containers 304 (7ms)
[2025-03-22T07:41:20.481Z] [INFO] | requestId=req-1742629280481-vw6k3ti3x, method=GET, url=/api/subscribers/counts/zone, userAgent=okhttp/4.9.2, ip=::1 - Request received: GET /api/subscribers/counts/zone
[2025-03-22T07:41:20.488Z] [INFO] | requestId=req-1742629280481-vw6k3ti3x, method=GET, url=/api/subscribers/counts/zone, userAgent=okhttp/4.9.2, ip=::1, statusCode=304, duration=7ms - Response sent: GET /counts/zone 304 (7ms)
[2025-03-22T07:41:20.516Z] [INFO] | requestId=req-1742629280516-72uqgkdlx, method=GET, url=/api/subscriptions/stats/revenue/67d7366cce20f0160c956af2, userAgent=okhttp/4.9.2, ip=::1 - Request received: GET /api/subscriptions/stats/revenue/67d7366cce20f0160c956af2
[2025-03-22T07:41:20.520Z] [INFO] | requestId=req-1742629280516-72uqgkdlx, method=GET, url=/api/subscriptions/stats/revenue/67d7366cce20f0160c956af2, userAgent=okhttp/4.9.2, ip=::1, statusCode=304, duration=4ms - Response sent: GET /stats/revenue/67d7366cce20f0160c956af2 304 (4ms)
[2025-03-22T07:41:20.550Z] [INFO] | requestId=req-1742629280550-20jytuq4t, method=GET, url=/api/subscriptions/stats/top-subscribers/67d7366cce20f0160c956af2, userAgent=okhttp/4.9.2, ip=::1 - Request received: GET /api/subscriptions/stats/top-subscribers/67d7366cce20f0160c956af2
[2025-03-22T07:41:20.554Z] [INFO] | requestId=req-1742629280550-20jytuq4t, method=GET, url=/api/subscriptions/stats/top-subscribers/67d7366cce20f0160c956af2, userAgent=okhttp/4.9.2, ip=::1, statusCode=304, duration=4ms - Response sent: GET /stats/top-subscribers/67d7366cce20f0160c956af2 304 (4ms)
[2025-03-22T07:41:20.566Z] [INFO] | requestId=req-1742629280566-1ma38ece4, method=GET, url=/api/deliveries/efficiency/personnel, userAgent=okhttp/4.9.2, ip=::1 - Request received: GET /api/deliveries/efficiency/personnel
[2025-03-22T07:41:20.569Z] [ERROR] | requestId=req-1742629280566-1ma38ece4, method=GET, url=/api/deliveries/efficiency/personnel, userAgent=okhttp/4.9.2, ip=::1, statusCode=400, duration=3ms - Response error: GET /efficiency/personnel 400
[2025-03-22T07:41:21.260Z] [INFO] | requestId=req-1742629281260-uhrom251y, method=GET, url=/api/subscribers/counts/type, userAgent=okhttp/4.9.2, ip=::1 - Request received: GET /api/subscribers/counts/type
[2025-03-22T07:41:21.264Z] [INFO] | requestId=req-1742629281260-uhrom251y, method=GET, url=/api/subscribers/counts/type, userAgent=okhttp/4.9.2, ip=::1, statusCode=304, duration=4ms - Response sent: GET /counts/type 304 (4ms)
[2025-03-22T07:41:21.351Z] [INFO] | requestId=req-1742629281351-4tss1aeyh, method=GET, url=/api/users/counts/role, userAgent=okhttp/4.9.2, ip=::1 - Request received: GET /api/users/counts/role
[2025-03-22T07:41:21.353Z] [INFO] | requestId=req-1742629281351-4tss1aeyh, method=GET, url=/api/users/counts/role, userAgent=okhttp/4.9.2, ip=::1, statusCode=200, duration=2ms - Response sent: GET /counts/role 200 (2ms)
[2025-03-22T07:41:30.182Z] [INFO] | requestId=req-1742629290182-hcq1vln7m, method=GET, url=/api/containers/inventory/67d7366cce20f0160c956af2, userAgent=okhttp/4.9.2, ip=::1 - Request received: GET /api/containers/inventory/67d7366cce20f0160c956af2
[2025-03-22T07:41:30.186Z] [INFO] | requestId=req-1742629290182-hcq1vln7m, method=GET, url=/api/containers/inventory/67d7366cce20f0160c956af2, userAgent=okhttp/4.9.2, ip=::1, statusCode=304, duration=4ms - Response sent: GET /inventory/67d7366cce20f0160c956af2 304 (4ms)
[2025-03-22T07:41:42.449Z] [INFO] | requestId=req-1742629302449-0hvleifq9, method=PUT, url=/api/users/67d7366cce20f0160c956af2/last-active, userAgent=okhttp/4.9.2, ip=::1 - Request received: PUT /api/users/67d7366cce20f0160c956af2/last-active
[2025-03-22T07:41:42.451Z] [INFO] | requestId=req-1742629302449-0hvleifq9, method=PUT, url=/api/users/67d7366cce20f0160c956af2/last-active, userAgent=okhttp/4.9.2, ip=::1, statusCode=200, duration=2ms - Response sent: PUT /67d7366cce20f0160c956af2/last-active 200 (2ms)
[2025-03-22T07:42:16.229Z] [INFO] | requestId=req-1742629336229-bvmr479sv, method=PUT, url=/api/users/67d7366cce20f0160c956af2/last-active, userAgent=okhttp/4.9.2, ip=::1 - Request received: PUT /api/users/67d7366cce20f0160c956af2/last-active
[2025-03-22T07:42:16.238Z] [INFO] | requestId=req-1742629336229-bvmr479sv, method=PUT, url=/api/users/67d7366cce20f0160c956af2/last-active, userAgent=okhttp/4.9.2, ip=::1, statusCode=200, duration=9ms - Response sent: PUT /67d7366cce20f0160c956af2/last-active 200 (9ms)
[2025-03-22T07:42:19.818Z] [INFO] | requestId=req-1742629339818-3sfqhsfnr, method=PUT, url=/api/users/67d7366cce20f0160c956af2/last-active, userAgent=okhttp/4.9.2, ip=::1 - Request received: PUT /api/users/67d7366cce20f0160c956af2/last-active
[2025-03-22T07:42:19.820Z] [INFO] | requestId=req-1742629339818-3sfqhsfnr, method=PUT, url=/api/users/67d7366cce20f0160c956af2/last-active, userAgent=okhttp/4.9.2, ip=::1, statusCode=200, duration=2ms - Response sent: PUT /67d7366cce20f0160c956af2/last-active 200 (2ms)
[2025-03-22T07:42:22.447Z] [INFO] | requestId=req-1742629342447-w39gtb14j, method=GET, url=/api/containers/inventory/67d7366cce20f0160c956af2, userAgent=okhttp/4.9.2, ip=::1 - Request received: GET /api/containers/inventory/67d7366cce20f0160c956af2
[2025-03-22T07:42:22.451Z] [INFO] | requestId=req-1742629342447-w39gtb14j, method=GET, url=/api/containers/inventory/67d7366cce20f0160c956af2, userAgent=okhttp/4.9.2, ip=::1, statusCode=304, duration=4ms - Response sent: GET /inventory/67d7366cce20f0160c956af2 304 (4ms)
[2025-03-22T07:42:22.479Z] [INFO] | requestId=req-1742629342479-aefigjf1t, method=GET, url=/api/users/counts/role, userAgent=okhttp/4.9.2, ip=::1 - Request received: GET /api/users/counts/role
[2025-03-22T07:42:22.481Z] [INFO] | requestId=req-1742629342479-aefigjf1t, method=GET, url=/api/users/counts/role, userAgent=okhttp/4.9.2, ip=::1, statusCode=304, duration=2ms - Response sent: GET /counts/role 304 (2ms)
[2025-03-22T07:42:22.504Z] [INFO] | requestId=req-1742629342504-tac796rnf, method=GET, url=/api/subscriptions/stats/admin/67d7366cce20f0160c956af2, userAgent=okhttp/4.9.2, ip=::1 - Request received: GET /api/subscriptions/stats/admin/67d7366cce20f0160c956af2
[2025-03-22T07:42:22.506Z] [INFO] | requestId=req-1742629342506-zkoy3rcji, method=GET, url=/api/reports/pending-containers, userAgent=okhttp/4.9.2, ip=::1 - Request received: GET /api/reports/pending-containers
[2025-03-22T07:42:22.507Z] [INFO] | requestId=req-1742629342507-z1fc891rj, method=GET, url=/api/deliveries/admin/67d7366cce20f0160c956af2/statistics, userAgent=okhttp/4.9.2, ip=::1 - Request received: GET /api/deliveries/admin/67d7366cce20f0160c956af2/statistics
[2025-03-22T07:42:22.512Z] [INFO] | requestId=req-1742629342504-tac796rnf, method=GET, url=/api/subscriptions/stats/admin/67d7366cce20f0160c956af2, userAgent=okhttp/4.9.2, ip=::1, statusCode=304, duration=8ms - Response sent: GET /stats/admin/67d7366cce20f0160c956af2 304 (8ms)
[2025-03-22T07:42:22.513Z] [ERROR] | requestId=req-1742629342507-z1fc891rj, method=GET, url=/api/deliveries/admin/67d7366cce20f0160c956af2/statistics, userAgent=okhttp/4.9.2, ip=::1, statusCode=400, duration=5ms - Response error: GET /admin/67d7366cce20f0160c956af2/statistics 400
[2025-03-22T07:42:22.513Z] [INFO] | requestId=req-1742629342506-zkoy3rcji, method=GET, url=/api/reports/pending-containers, userAgent=okhttp/4.9.2, ip=::1, statusCode=304, duration=7ms - Response sent: GET /pending-containers 304 (7ms)
[2025-03-22T07:42:22.581Z] [INFO] | requestId=req-1742629342581-ltm3vmqcw, method=GET, url=/api/deliveries/efficiency/personnel, userAgent=okhttp/4.9.2, ip=::1 - Request received: GET /api/deliveries/efficiency/personnel
[2025-03-22T07:42:22.583Z] [INFO] | requestId=req-1742629342583-wjq6unq2s, method=GET, url=/api/subscribers/counts/zone, userAgent=okhttp/4.9.2, ip=::1 - Request received: GET /api/subscribers/counts/zone
[2025-03-22T07:42:22.584Z] [ERROR] | requestId=req-1742629342581-ltm3vmqcw, method=GET, url=/api/deliveries/efficiency/personnel, userAgent=okhttp/4.9.2, ip=::1, statusCode=400, duration=3ms - Response error: GET /efficiency/personnel 400
[2025-03-22T07:42:22.585Z] [INFO] | requestId=req-1742629342585-olwk46l4w, method=GET, url=/api/subscriptions/stats/revenue/67d7366cce20f0160c956af2, userAgent=okhttp/4.9.2, ip=::1 - Request received: GET /api/subscriptions/stats/revenue/67d7366cce20f0160c956af2
[2025-03-22T07:42:22.587Z] [INFO] | requestId=req-1742629342583-wjq6unq2s, method=GET, url=/api/subscribers/counts/zone, userAgent=okhttp/4.9.2, ip=::1, statusCode=304, duration=4ms - Response sent: GET /counts/zone 304 (4ms)
[2025-03-22T07:42:22.589Z] [INFO] | requestId=req-1742629342585-olwk46l4w, method=GET, url=/api/subscriptions/stats/revenue/67d7366cce20f0160c956af2, userAgent=okhttp/4.9.2, ip=::1, statusCode=304, duration=4ms - Response sent: GET /stats/revenue/67d7366cce20f0160c956af2 304 (4ms)
[2025-03-22T07:42:22.607Z] [INFO] | requestId=req-1742629342607-kzd8448bs, method=GET, url=/api/subscriptions/stats/top-subscribers/67d7366cce20f0160c956af2, userAgent=okhttp/4.9.2, ip=::1 - Request received: GET /api/subscriptions/stats/top-subscribers/67d7366cce20f0160c956af2
[2025-03-22T07:42:22.611Z] [INFO] | requestId=req-1742629342607-kzd8448bs, method=GET, url=/api/subscriptions/stats/top-subscribers/67d7366cce20f0160c956af2, userAgent=okhttp/4.9.2, ip=::1, statusCode=304, duration=4ms - Response sent: GET /stats/top-subscribers/67d7366cce20f0160c956af2 304 (4ms)
[2025-03-22T07:42:23.693Z] [INFO] | requestId=req-1742629343693-27737e4sg, method=GET, url=/api/subscribers/counts/type, userAgent=okhttp/4.9.2, ip=::1 - Request received: GET /api/subscribers/counts/type
[2025-03-22T07:42:23.699Z] [INFO] | requestId=req-1742629343693-27737e4sg, method=GET, url=/api/subscribers/counts/type, userAgent=okhttp/4.9.2, ip=::1, statusCode=304, duration=6ms - Response sent: GET /counts/type 304 (6ms)
[2025-03-22T07:42:44.822Z] [INFO] | requestId=req-1742629364822-iemosyp47, method=DELETE, url=/api/users/67d7366cce20f0160c956af2/tokens?data[token]=eyJhbGciOiJIUzI1NiIsInR5cCI6IkpXVCJ9.eyJfaWQiOiI2N2Q3MzY2Y2NlMjBmMDE2MGM5NTZhZjIiLCJuYW1lIjoic2hhbnRhbnUiLCJlbWFpbCI6InNoYW50YW51QGxvZ2ljaWVsLmlvIiwicm9sZSI6ImFkbWluIiwiaXNBY3RpdmUiOnRydWUsImVtYWlsVmVyaWZpZWQiOmZhbHNlLCJwaG9uZVZlcmlmaWVkIjpmYWxzZSwibG9naW5BdHRlbXB0cyI6MCwicHJlZmVyZW5jZXMiOnsibm90aWZpY2F0aW9ucyI6eyJlbWFpbCI6dHJ1ZSwic21zIjp0cnVlLCJwdXNoIjp0cnVlfSwibGFuZ3VhZ2UiOiJlbiIsInJlbWluZGVyVGltZSI6IjE4OjAwIn0sIm9uYm9hcmRpbmdDb21wbGV0ZWQiOmZhbHNlLCJjcmVhdGVkQXQiOiIyMDI1LTAzLTE2VDIwOjM3OjAwLjE0NVoiLCJ1cGRhdGVkQXQiOiIyMDI1LTAzLTE2VDIwOjM3OjAwLjIwNloiLCJ0b2tlbnMiOltdLCJfX3YiOjAsImxhc3RMb2dpbiI6IjIwMjUtMDMtMjJUMDY6MTk6NTYuNjYwWiIsImlhdCI6MTc0MjYyNTExMiwiZXhwIjoxNzQ1MjE3MTEyfQ._3Qk0w5u01zuO9EI7DVYEcvIl8MA_wvrMYlrmyyLeDw, userAgent=okhttp/4.9.2, ip=::1 - Request received: DELETE /api/users/67d7366cce20f0160c956af2/tokens?data[token]=eyJhbGciOiJIUzI1NiIsInR5cCI6IkpXVCJ9.eyJfaWQiOiI2N2Q3MzY2Y2NlMjBmMDE2MGM5NTZhZjIiLCJuYW1lIjoic2hhbnRhbnUiLCJlbWFpbCI6InNoYW50YW51QGxvZ2ljaWVsLmlvIiwicm9sZSI6ImFkbWluIiwiaXNBY3RpdmUiOnRydWUsImVtYWlsVmVyaWZpZWQiOmZhbHNlLCJwaG9uZVZlcmlmaWVkIjpmYWxzZSwibG9naW5BdHRlbXB0cyI6MCwicHJlZmVyZW5jZXMiOnsibm90aWZpY2F0aW9ucyI6eyJlbWFpbCI6dHJ1ZSwic21zIjp0cnVlLCJwdXNoIjp0cnVlfSwibGFuZ3VhZ2UiOiJlbiIsInJlbWluZGVyVGltZSI6IjE4OjAwIn0sIm9uYm9hcmRpbmdDb21wbGV0ZWQiOmZhbHNlLCJjcmVhdGVkQXQiOiIyMDI1LTAzLTE2VDIwOjM3OjAwLjE0NVoiLCJ1cGRhdGVkQXQiOiIyMDI1LTAzLTE2VDIwOjM3OjAwLjIwNloiLCJ0b2tlbnMiOltdLCJfX3YiOjAsImxhc3RMb2dpbiI6IjIwMjUtMDMtMjJUMDY6MTk6NTYuNjYwWiIsImlhdCI6MTc0MjYyNTExMiwiZXhwIjoxNzQ1MjE3MTEyfQ._3Qk0w5u01zuO9EI7DVYEcvIl8MA_wvrMYlrmyyLeDw
[2025-03-22T07:42:44.823Z] [ERROR] | requestId=req-1742629364822-iemosyp47, method=DELETE, url=/api/users/67d7366cce20f0160c956af2/tokens?data[token]=eyJhbGciOiJIUzI1NiIsInR5cCI6IkpXVCJ9.eyJfaWQiOiI2N2Q3MzY2Y2NlMjBmMDE2MGM5NTZhZjIiLCJuYW1lIjoic2hhbnRhbnUiLCJlbWFpbCI6InNoYW50YW51QGxvZ2ljaWVsLmlvIiwicm9sZSI6ImFkbWluIiwiaXNBY3RpdmUiOnRydWUsImVtYWlsVmVyaWZpZWQiOmZhbHNlLCJwaG9uZVZlcmlmaWVkIjpmYWxzZSwibG9naW5BdHRlbXB0cyI6MCwicHJlZmVyZW5jZXMiOnsibm90aWZpY2F0aW9ucyI6eyJlbWFpbCI6dHJ1ZSwic21zIjp0cnVlLCJwdXNoIjp0cnVlfSwibGFuZ3VhZ2UiOiJlbiIsInJlbWluZGVyVGltZSI6IjE4OjAwIn0sIm9uYm9hcmRpbmdDb21wbGV0ZWQiOmZhbHNlLCJjcmVhdGVkQXQiOiIyMDI1LTAzLTE2VDIwOjM3OjAwLjE0NVoiLCJ1cGRhdGVkQXQiOiIyMDI1LTAzLTE2VDIwOjM3OjAwLjIwNloiLCJ0b2tlbnMiOltdLCJfX3YiOjAsImxhc3RMb2dpbiI6IjIwMjUtMDMtMjJUMDY6MTk6NTYuNjYwWiIsImlhdCI6MTc0MjYyNTExMiwiZXhwIjoxNzQ1MjE3MTEyfQ._3Qk0w5u01zuO9EI7DVYEcvIl8MA_wvrMYlrmyyLeDw, userAgent=okhttp/4.9.2, ip=::1, statusCode=400, duration=1ms - Response error: DELETE /67d7366cce20f0160c956af2/tokens?data[token]=eyJhbGciOiJIUzI1NiIsInR5cCI6IkpXVCJ9.eyJfaWQiOiI2N2Q3MzY2Y2NlMjBmMDE2MGM5NTZhZjIiLCJuYW1lIjoic2hhbnRhbnUiLCJlbWFpbCI6InNoYW50YW51QGxvZ2ljaWVsLmlvIiwicm9sZSI6ImFkbWluIiwiaXNBY3RpdmUiOnRydWUsImVtYWlsVmVyaWZpZWQiOmZhbHNlLCJwaG9uZVZlcmlmaWVkIjpmYWxzZSwibG9naW5BdHRlbXB0cyI6MCwicHJlZmVyZW5jZXMiOnsibm90aWZpY2F0aW9ucyI6eyJlbWFpbCI6dHJ1ZSwic21zIjp0cnVlLCJwdXNoIjp0cnVlfSwibGFuZ3VhZ2UiOiJlbiIsInJlbWluZGVyVGltZSI6IjE4OjAwIn0sIm9uYm9hcmRpbmdDb21wbGV0ZWQiOmZhbHNlLCJjcmVhdGVkQXQiOiIyMDI1LTAzLTE2VDIwOjM3OjAwLjE0NVoiLCJ1cGRhdGVkQXQiOiIyMDI1LTAzLTE2VDIwOjM3OjAwLjIwNloiLCJ0b2tlbnMiOltdLCJfX3YiOjAsImxhc3RMb2dpbiI6IjIwMjUtMDMtMjJUMDY6MTk6NTYuNjYwWiIsImlhdCI6MTc0MjYyNTExMiwiZXhwIjoxNzQ1MjE3MTEyfQ._3Qk0w5u01zuO9EI7DVYEcvIl8MA_wvrMYlrmyyLeDw 400
[2025-03-22T07:43:38.162Z] [INFO] | requestId=req-1742629418162-5r44oao8t, method=POST, url=/api/users/generate-reset-token, userAgent=okhttp/4.9.2, ip=::1 - Request received: POST /api/users/generate-reset-token
[2025-03-22T07:43:38.167Z] [ERROR] | requestId=req-1742629418162-5r44oao8t, method=POST, url=/api/users/generate-reset-token, userAgent=okhttp/4.9.2, ip=::1, statusCode=500, duration=5ms - Response error: POST /generate-reset-token 500
[2025-03-22T07:59:09.539Z] [INFO] | config={"level":2,"enableConsole":true,"enableFile":true,"logDirectory":"/Users/shantanubombatkar/Documents/code/plant app/Cooding-Soyar-Backend/logs","logFileName":"app.log","maxLogFileSize":5242880,"maxLogFiles":5,"isEnabled":true} - Logger initialized
[2025-03-22T08:03:28.063Z] [INFO] | config={"level":2,"enableConsole":true,"enableFile":true,"logDirectory":"/Users/shantanubombatkar/Documents/code/plant app/Cooding-Soyar-Backend/logs","logFileName":"app.log","maxLogFileSize":5242880,"maxLogFiles":5,"isEnabled":true} - Logger initialized
[2025-03-22T08:03:38.663Z] [INFO] | config={"level":2,"enableConsole":true,"enableFile":true,"logDirectory":"/Users/shantanubombatkar/Documents/code/plant app/Cooding-Soyar-Backend/logs","logFileName":"app.log","maxLogFileSize":5242880,"maxLogFiles":5,"isEnabled":true} - Logger initialized
[2025-03-22T08:04:33.851Z] [INFO] | requestId=req-1742630673851-55vmil6ld, method=POST, url=/api/users/, userAgent=PostmanRuntime/7.43.0, ip=::1 - Request received: POST /api/users/
[2025-03-22T08:04:33.926Z] [INFO] | requestId=req-1742630673851-55vmil6ld, method=POST, url=/api/users/, userAgent=PostmanRuntime/7.43.0, ip=::1, statusCode=200, duration=75ms - Response sent: POST / 200 (75ms)
[2025-03-22T08:04:44.192Z] [INFO] | requestId=req-1742630684191-50ng8at1w, method=POST, url=/api/users/login, userAgent=okhttp/4.9.2, ip=::1 - Request received: POST /api/users/login
[2025-03-22T08:04:44.201Z] [ERROR] | requestId=req-1742630684191-50ng8at1w, method=POST, url=/api/users/login, userAgent=okhttp/4.9.2, ip=::1, statusCode=401, duration=10ms - Response error: POST /login 401
[2025-03-22T08:05:00.110Z] [INFO] | requestId=req-1742630700110-n72ozaxfz, method=POST, url=/api/users/login, userAgent=PostmanRuntime/7.43.0, ip=::1 - Request received: POST /api/users/login
[2025-03-22T08:05:00.116Z] [ERROR] | requestId=req-1742630700110-n72ozaxfz, method=POST, url=/api/users/login, userAgent=PostmanRuntime/7.43.0, ip=::1, statusCode=401, duration=6ms - Response error: POST /login 401
[2025-03-22T08:05:02.996Z] [INFO] | requestId=req-1742630702996-y2fistsqw, method=POST, url=/api/users/login, userAgent=PostmanRuntime/7.43.0, ip=::1 - Request received: POST /api/users/login
[2025-03-22T08:05:02.999Z] [ERROR] | requestId=req-1742630702996-y2fistsqw, method=POST, url=/api/users/login, userAgent=PostmanRuntime/7.43.0, ip=::1, statusCode=401, duration=3ms - Response error: POST /login 401
[2025-03-22T08:05:56.328Z] [INFO] | requestId=req-1742630756328-pio20rpmb, method=POST, url=/api/users/, userAgent=PostmanRuntime/7.43.0, ip=::1 - Request received: POST /api/users/
[2025-03-22T08:05:56.396Z] [INFO] | requestId=req-1742630756328-pio20rpmb, method=POST, url=/api/users/, userAgent=PostmanRuntime/7.43.0, ip=::1, statusCode=200, duration=68ms - Response sent: POST / 200 (68ms)
[2025-03-22T08:06:00.547Z] [INFO] | requestId=req-1742630760547-zihjjq1nc, method=POST, url=/api/users/login, userAgent=PostmanRuntime/7.43.0, ip=::1 - Request received: POST /api/users/login
[2025-03-22T08:06:00.610Z] [ERROR] | requestId=req-1742630760547-zihjjq1nc, method=POST, url=/api/users/login, userAgent=PostmanRuntime/7.43.0, ip=::1, statusCode=500, duration=63ms - Response error: POST /login 500
[2025-03-22T08:08:19.504Z] [INFO] | config={"level":2,"enableConsole":true,"enableFile":true,"logDirectory":"/Users/shantanubombatkar/Documents/code/plant app/Cooding-Soyar-Backend/logs","logFileName":"app.log","maxLogFileSize":5242880,"maxLogFiles":5,"isEnabled":true} - Logger initialized
[2025-03-22T08:08:30.669Z] [INFO] | requestId=req-1742630910669-9s15rswy5, method=POST, url=/api/users/login, userAgent=PostmanRuntime/7.43.0, ip=::1 - Request received: POST /api/users/login
[2025-03-22T08:08:30.752Z] [ERROR] | requestId=req-1742630910669-9s15rswy5, method=POST, url=/api/users/login, userAgent=PostmanRuntime/7.43.0, ip=::1, statusCode=500, duration=83ms - Response error: POST /login 500
[2025-03-22T08:10:22.023Z] [INFO] | config={"level":2,"enableConsole":true,"enableFile":true,"logDirectory":"/Users/shantanubombatkar/Documents/code/plant app/Cooding-Soyar-Backend/logs","logFileName":"app.log","maxLogFileSize":5242880,"maxLogFiles":5,"isEnabled":true} - Logger initialized
[2025-03-22T08:10:30.702Z] [INFO] | requestId=req-1742631030702-wkdb3ef6e, method=POST, url=/api/users/login, userAgent=PostmanRuntime/7.43.0, ip=::1 - Request received: POST /api/users/login
[2025-03-22T08:10:30.817Z] [INFO] | requestId=req-1742631030702-wkdb3ef6e, method=POST, url=/api/users/login, userAgent=PostmanRuntime/7.43.0, ip=::1, statusCode=200, duration=115ms - Response sent: POST /login 200 (115ms)
[2025-03-22T08:11:35.428Z] [INFO] | requestId=req-1742631095428-cl6jaappl, method=POST, url=/api/users/login, userAgent=okhttp/4.9.2, ip=::1 - Request received: POST /api/users/login
[2025-03-22T08:11:35.539Z] [INFO] | requestId=req-1742631095428-cl6jaappl, method=POST, url=/api/users/login, userAgent=okhttp/4.9.2, ip=::1, statusCode=200, duration=111ms - Response sent: POST /login 200 (111ms)
[2025-03-22T08:11:35.703Z] [INFO] | requestId=req-1742631095703-vd076b6ck, method=POST, url=/api/users/67de6f64c645b75dd5d10095/tokens, userAgent=okhttp/4.9.2, ip=::1 - Request received: POST /api/users/67de6f64c645b75dd5d10095/tokens
[2025-03-22T08:11:35.706Z] [ERROR] | requestId=req-1742631095703-vd076b6ck, method=POST, url=/api/users/67de6f64c645b75dd5d10095/tokens, userAgent=okhttp/4.9.2, ip=::1, statusCode=400, duration=3ms - Response error: POST /67de6f64c645b75dd5d10095/tokens 400
[2025-03-22T08:12:17.059Z] [INFO] | requestId=req-1742631137059-x7gkirxfn, method=PUT, url=/api/users/67de6f64c645b75dd5d10095/last-active, userAgent=okhttp/4.9.2, ip=::1 - Request received: PUT /api/users/67de6f64c645b75dd5d10095/last-active
[2025-03-22T08:12:17.078Z] [INFO] | requestId=req-1742631137059-x7gkirxfn, method=PUT, url=/api/users/67de6f64c645b75dd5d10095/last-active, userAgent=okhttp/4.9.2, ip=::1, statusCode=200, duration=19ms - Response sent: PUT /67de6f64c645b75dd5d10095/last-active 200 (19ms)
[2025-03-22T08:12:19.622Z] [INFO] | requestId=req-1742631139622-kib1qbz24, method=GET, url=/api/subscribers/user/67de6f64c645b75dd5d10095, userAgent=okhttp/4.9.2, ip=::1 - Request received: GET /api/subscribers/user/67de6f64c645b75dd5d10095
[2025-03-22T08:12:19.626Z] [WARN] | requestId=req-1742631139622-kib1qbz24, userId=undefined - User not found or invalid token
[2025-03-22T08:12:19.627Z] [ERROR] | requestId=req-1742631139622-kib1qbz24, method=GET, url=/api/subscribers/user/67de6f64c645b75dd5d10095, userAgent=okhttp/4.9.2, ip=::1, statusCode=403, duration=5ms - Response error: GET /user/67de6f64c645b75dd5d10095 403
[2025-03-22T08:15:08.621Z] [INFO] | requestId=req-1742631308621-j1duubp00, method=GET, url=/api/containers/inventory/67de6f64c645b75dd5d10095, userAgent=okhttp/4.9.2, ip=::1 - Request received: GET /api/containers/inventory/67de6f64c645b75dd5d10095
[2025-03-22T08:15:08.635Z] [WARN] | requestId=req-1742631308621-j1duubp00, userId=undefined - User not found or invalid token
[2025-03-22T08:15:08.636Z] [ERROR] | requestId=req-1742631308621-j1duubp00, method=GET, url=/api/containers/inventory/67de6f64c645b75dd5d10095, userAgent=okhttp/4.9.2, ip=::1, statusCode=403, duration=14ms - Response error: GET /inventory/67de6f64c645b75dd5d10095 403
[2025-03-22T08:15:08.649Z] [INFO] | requestId=req-1742631308649-4zn7fm16n, method=GET, url=/api/users/counts/role, userAgent=okhttp/4.9.2, ip=::1 - Request received: GET /api/users/counts/role
[2025-03-22T08:15:08.658Z] [INFO] | requestId=req-1742631308658-sbimjjt2i, method=GET, url=/api/reports/pending-containers, userAgent=okhttp/4.9.2, ip=::1 - Request received: GET /api/reports/pending-containers
[2025-03-22T08:15:08.667Z] [INFO] | requestId=req-1742631308666-gzod0psy2, method=GET, url=/api/deliveries/admin/67de6f64c645b75dd5d10095/statistics, userAgent=okhttp/4.9.2, ip=::1 - Request received: GET /api/deliveries/admin/67de6f64c645b75dd5d10095/statistics
[2025-03-22T08:15:08.669Z] [WARN] | requestId=req-1742631308658-sbimjjt2i, userId=undefined - User not found or invalid token
[2025-03-22T08:15:08.669Z] [ERROR] | requestId=req-1742631308658-sbimjjt2i, method=GET, url=/api/reports/pending-containers, userAgent=okhttp/4.9.2, ip=::1, statusCode=403, duration=11ms - Response error: GET /pending-containers 403
[2025-03-22T08:15:08.670Z] [INFO] | requestId=req-1742631308649-4zn7fm16n, method=GET, url=/api/users/counts/role, userAgent=okhttp/4.9.2, ip=::1, statusCode=200, duration=21ms - Response sent: GET /counts/role 200 (21ms)
[2025-03-22T08:15:08.672Z] [WARN] | requestId=req-1742631308666-gzod0psy2, userId=undefined - User not found or invalid token
[2025-03-22T08:15:08.672Z] [ERROR] | requestId=req-1742631308666-gzod0psy2, method=GET, url=/api/deliveries/admin/67de6f64c645b75dd5d10095/statistics, userAgent=okhttp/4.9.2, ip=::1, statusCode=403, duration=5ms - Response error: GET /admin/67de6f64c645b75dd5d10095/statistics 403
[2025-03-22T08:15:08.673Z] [INFO] | requestId=req-1742631308673-qdz2m1ewo, method=GET, url=/api/subscriptions/stats/admin/67de6f64c645b75dd5d10095, userAgent=okhttp/4.9.2, ip=::1 - Request received: GET /api/subscriptions/stats/admin/67de6f64c645b75dd5d10095
[2025-03-22T08:15:08.677Z] [WARN] | requestId=req-1742631308673-qdz2m1ewo, userId=undefined - User not found or invalid token
[2025-03-22T08:15:08.677Z] [ERROR] | requestId=req-1742631308673-qdz2m1ewo, method=GET, url=/api/subscriptions/stats/admin/67de6f64c645b75dd5d10095, userAgent=okhttp/4.9.2, ip=::1, statusCode=403, duration=4ms - Response error: GET /stats/admin/67de6f64c645b75dd5d10095 403
[2025-03-22T08:15:08.730Z] [INFO] | requestId=req-1742631308730-onl9atrkn, method=GET, url=/api/subscribers/counts/zone, userAgent=okhttp/4.9.2, ip=::1 - Request received: GET /api/subscribers/counts/zone
[2025-03-22T08:15:08.735Z] [WARN] | requestId=req-1742631308730-onl9atrkn, userId=undefined - User not found or invalid token
[2025-03-22T08:15:08.736Z] [ERROR] | requestId=req-1742631308730-onl9atrkn, method=GET, url=/api/subscribers/counts/zone, userAgent=okhttp/4.9.2, ip=::1, statusCode=403, duration=6ms - Response error: GET /counts/zone 403
[2025-03-22T08:15:09.006Z] [INFO] | requestId=req-1742631309006-78whedbpo, method=GET, url=/api/subscriptions/stats/revenue/67de6f64c645b75dd5d10095, userAgent=okhttp/4.9.2, ip=::1 - Request received: GET /api/subscriptions/stats/revenue/67de6f64c645b75dd5d10095
[2025-03-22T08:15:09.009Z] [WARN] | requestId=req-1742631309006-78whedbpo, userId=undefined - User not found or invalid token
[2025-03-22T08:15:09.009Z] [ERROR] | requestId=req-1742631309006-78whedbpo, method=GET, url=/api/subscriptions/stats/revenue/67de6f64c645b75dd5d10095, userAgent=okhttp/4.9.2, ip=::1, statusCode=403, duration=3ms - Response error: GET /stats/revenue/67de6f64c645b75dd5d10095 403
[2025-03-22T08:15:09.249Z] [INFO] | requestId=req-1742631309249-uah4mzn86, method=GET, url=/api/subscriptions/stats/top-subscribers/67de6f64c645b75dd5d10095, userAgent=okhttp/4.9.2, ip=::1 - Request received: GET /api/subscriptions/stats/top-subscribers/67de6f64c645b75dd5d10095
[2025-03-22T08:15:09.251Z] [WARN] | requestId=req-1742631309249-uah4mzn86, userId=undefined - User not found or invalid token
[2025-03-22T08:15:09.251Z] [ERROR] | requestId=req-1742631309249-uah4mzn86, method=GET, url=/api/subscriptions/stats/top-subscribers/67de6f64c645b75dd5d10095, userAgent=okhttp/4.9.2, ip=::1, statusCode=403, duration=2ms - Response error: GET /stats/top-subscribers/67de6f64c645b75dd5d10095 403
[2025-03-22T08:15:09.258Z] [INFO] | requestId=req-1742631309258-ort1ug6g8, method=GET, url=/api/deliveries/efficiency/personnel, userAgent=okhttp/4.9.2, ip=::1 - Request received: GET /api/deliveries/efficiency/personnel
[2025-03-22T08:15:09.263Z] [WARN] | requestId=req-1742631309258-ort1ug6g8, userId=undefined - User not found or invalid token
[2025-03-22T08:15:09.264Z] [ERROR] | requestId=req-1742631309258-ort1ug6g8, method=GET, url=/api/deliveries/efficiency/personnel, userAgent=okhttp/4.9.2, ip=::1, statusCode=403, duration=6ms - Response error: GET /efficiency/personnel 403
[2025-03-22T08:15:21.774Z] [INFO] | requestId=req-1742631321774-vey0a012u, method=GET, url=/api/subscribers, userAgent=okhttp/4.9.2, ip=::1 - Request received: GET /api/subscribers
[2025-03-22T08:15:21.776Z] [INFO] | requestId=req-1742631321776-vgin66njf, method=GET, url=/api/subscribers/counts/zone, userAgent=okhttp/4.9.2, ip=::1 - Request received: GET /api/subscribers/counts/zone
[2025-03-22T08:15:21.778Z] [WARN] | requestId=req-1742631321774-vey0a012u, userId=undefined - User not found or invalid token
[2025-03-22T08:15:21.778Z] [ERROR] | requestId=req-1742631321774-vey0a012u, method=GET, url=/api/subscribers, userAgent=okhttp/4.9.2, ip=::1, statusCode=403, duration=4ms - Response error: GET / 403
[2025-03-22T08:15:21.779Z] [WARN] | requestId=req-1742631321776-vgin66njf, userId=undefined - User not found or invalid token
[2025-03-22T08:15:21.779Z] [ERROR] | requestId=req-1742631321776-vgin66njf, method=GET, url=/api/subscribers/counts/zone, userAgent=okhttp/4.9.2, ip=::1, statusCode=403, duration=3ms - Response error: GET /counts/zone 403
[2025-03-22T08:16:05.739Z] [INFO] | requestId=req-1742631365739-sdldne8ob, method=POST, url=/api/users, userAgent=okhttp/4.9.2, ip=::1 - Request received: POST /api/users
[2025-03-22T08:16:05.815Z] [ERROR] | requestId=req-1742631365739-sdldne8ob, method=POST, url=/api/users, userAgent=okhttp/4.9.2, ip=::1, statusCode=500, duration=76ms - Response error: POST / 500
[2025-03-22T08:18:48.102Z] [INFO] | requestId=req-1742631528102-xzxf1555n, method=POST, url=/api/subscribers, userAgent=okhttp/4.9.2, ip=::1 - Request received: POST /api/subscribers
[2025-03-22T08:18:48.108Z] [WARN] | requestId=req-1742631528102-xzxf1555n, userId=undefined - User not found or invalid token
[2025-03-22T08:18:48.108Z] [ERROR] | requestId=req-1742631528102-xzxf1555n, method=POST, url=/api/subscribers, userAgent=okhttp/4.9.2, ip=::1, statusCode=403, duration=6ms - Response error: POST / 403
[2025-03-22T08:20:41.046Z] [INFO] | config={"level":2,"enableConsole":true,"enableFile":true,"logDirectory":"/Users/shantanubombatkar/Documents/code/plant app/Cooding-Soyar-Backend/logs","logFileName":"app.log","maxLogFileSize":5242880,"maxLogFiles":5,"isEnabled":true} - Logger initialized
[2025-03-22T08:20:54.674Z] [INFO] | requestId=req-1742631654674-avqeo6cs2, method=POST, url=/api/subscribers, userAgent=okhttp/4.9.2, ip=::1 - Request received: POST /api/subscribers
[2025-03-22T08:20:54.686Z] [WARN] | requestId=req-1742631654674-avqeo6cs2, userId=undefined - User not found or invalid token
[2025-03-22T08:20:54.688Z] [ERROR] | requestId=req-1742631654674-avqeo6cs2, method=POST, url=/api/subscribers, userAgent=okhttp/4.9.2, ip=::1, statusCode=403, duration=14ms - Response error: POST / 403
[2025-03-22T08:21:33.722Z] [INFO] | config={"level":2,"enableConsole":true,"enableFile":true,"logDirectory":"/Users/shantanubombatkar/Documents/code/plant app/Cooding-Soyar-Backend/logs","logFileName":"app.log","maxLogFileSize":5242880,"maxLogFiles":5,"isEnabled":true} - Logger initialized
[2025-03-22T08:21:44.106Z] [INFO] | requestId=req-1742631704106-l5n48po3o, method=DELETE, url=/api/users/67de6f64c645b75dd5d10095/tokens?data[token]=eyJhbGciOiJIUzI1NiIsInR5cCI6IkpXVCJ9.eyJpc0xvZ2dlZEluIjp0cnVlLCJuYW1lIjoic2hhbnRhbnUiLCJlbWFpbCI6InNoYW50YW51QGxvZ2ljaWVsLmlvIiwicm9sZSI6ImFkbWluIiwiaWF0IjoxNzQyNjMxMDk1LCJleHAiOjE3NDUyMjMwOTV9.UVxvJafKS7pX7NOrkHZXS7e2eaeWWZ4idkqX6hztuFg, userAgent=okhttp/4.9.2, ip=::1 - Request received: DELETE /api/users/67de6f64c645b75dd5d10095/tokens?data[token]=eyJhbGciOiJIUzI1NiIsInR5cCI6IkpXVCJ9.eyJpc0xvZ2dlZEluIjp0cnVlLCJuYW1lIjoic2hhbnRhbnUiLCJlbWFpbCI6InNoYW50YW51QGxvZ2ljaWVsLmlvIiwicm9sZSI6ImFkbWluIiwiaWF0IjoxNzQyNjMxMDk1LCJleHAiOjE3NDUyMjMwOTV9.UVxvJafKS7pX7NOrkHZXS7e2eaeWWZ4idkqX6hztuFg
[2025-03-22T08:21:44.108Z] [ERROR] | requestId=req-1742631704106-l5n48po3o, method=DELETE, url=/api/users/67de6f64c645b75dd5d10095/tokens?data[token]=eyJhbGciOiJIUzI1NiIsInR5cCI6IkpXVCJ9.eyJpc0xvZ2dlZEluIjp0cnVlLCJuYW1lIjoic2hhbnRhbnUiLCJlbWFpbCI6InNoYW50YW51QGxvZ2ljaWVsLmlvIiwicm9sZSI6ImFkbWluIiwiaWF0IjoxNzQyNjMxMDk1LCJleHAiOjE3NDUyMjMwOTV9.UVxvJafKS7pX7NOrkHZXS7e2eaeWWZ4idkqX6hztuFg, userAgent=okhttp/4.9.2, ip=::1, statusCode=400, duration=2ms - Response error: DELETE /67de6f64c645b75dd5d10095/tokens?data[token]=eyJhbGciOiJIUzI1NiIsInR5cCI6IkpXVCJ9.eyJpc0xvZ2dlZEluIjp0cnVlLCJuYW1lIjoic2hhbnRhbnUiLCJlbWFpbCI6InNoYW50YW51QGxvZ2ljaWVsLmlvIiwicm9sZSI6ImFkbWluIiwiaWF0IjoxNzQyNjMxMDk1LCJleHAiOjE3NDUyMjMwOTV9.UVxvJafKS7pX7NOrkHZXS7e2eaeWWZ4idkqX6hztuFg 400
[2025-03-22T08:23:42.308Z] [INFO] | config={"level":2,"enableConsole":true,"enableFile":true,"logDirectory":"/Users/shantanubombatkar/Documents/code/plant app/Cooding-Soyar-Backend/logs","logFileName":"app.log","maxLogFileSize":5242880,"maxLogFiles":5,"isEnabled":true} - Logger initialized
[2025-03-22T08:24:01.001Z] [INFO] | requestId=req-1742631841001-01qubtha9, method=POST, url=/api/users/login, userAgent=okhttp/4.9.2, ip=::1 - Request received: POST /api/users/login
[2025-03-22T08:24:01.132Z] [INFO] | requestId=req-1742631841001-01qubtha9, method=POST, url=/api/users/login, userAgent=okhttp/4.9.2, ip=::1, statusCode=200, duration=131ms - Response sent: POST /login 200 (131ms)
[2025-03-22T08:24:01.241Z] [INFO] | requestId=req-1742631841241-utd3aoml6, method=POST, url=/api/users/67de6f64c645b75dd5d10095/tokens, userAgent=okhttp/4.9.2, ip=::1 - Request received: POST /api/users/67de6f64c645b75dd5d10095/tokens
[2025-03-22T08:24:01.242Z] [ERROR] | requestId=req-1742631841241-utd3aoml6, method=POST, url=/api/users/67de6f64c645b75dd5d10095/tokens, userAgent=okhttp/4.9.2, ip=::1, statusCode=400, duration=1ms - Response error: POST /67de6f64c645b75dd5d10095/tokens 400
[2025-03-22T08:24:01.831Z] [INFO] | requestId=req-1742631841831-3jh636mv9, method=GET, url=/api/subscriptions/stats/admin/67de6f64c645b75dd5d10095, userAgent=okhttp/4.9.2, ip=::1 - Request received: GET /api/subscriptions/stats/admin/67de6f64c645b75dd5d10095
[2025-03-22T08:24:01.834Z] [INFO] | requestId=req-1742631841834-e5vofpfcd, method=GET, url=/api/containers/inventory/67de6f64c645b75dd5d10095, userAgent=okhttp/4.9.2, ip=::1 - Request received: GET /api/containers/inventory/67de6f64c645b75dd5d10095
[2025-03-22T08:24:01.836Z] [INFO] | requestId=req-1742631841836-032ozpy7s, method=GET, url=/api/deliveries/admin/67de6f64c645b75dd5d10095/statistics, userAgent=okhttp/4.9.2, ip=::1 - Request received: GET /api/deliveries/admin/67de6f64c645b75dd5d10095/statistics
[2025-03-22T08:34:01.444Z] [INFO] | config={"level":2,"enableConsole":true,"enableFile":true,"logDirectory":"/Users/shantanubombatkar/Documents/code/plant app/Cooding-Soyar-Backend/logs","logFileName":"app.log","maxLogFileSize":5242880,"maxLogFiles":5,"isEnabled":true} - Logger initialized
[2025-03-22T08:34:07.887Z] [INFO] | requestId=req-1742632447887-e5ewahztl, method=POST, url=/api/subscribers, userAgent=okhttp/4.9.2, ip=::1 - Request received: POST /api/subscribers
[2025-03-22T08:36:18.068Z] [INFO] | config={"level":2,"enableConsole":true,"enableFile":true,"logDirectory":"/Users/shantanubombatkar/Documents/code/plant app/Cooding-Soyar-Backend/logs","logFileName":"app.log","maxLogFileSize":5242880,"maxLogFiles":5,"isEnabled":true} - Logger initialized
[2025-03-22T08:36:41.449Z] [INFO] | requestId=req-1742632601449-oe7fmzrzh, method=POST, url=/api/subscribers, userAgent=okhttp/4.9.2, ip=::1 - Request received: POST /api/subscribers
[2025-03-22T08:39:29.629Z] [INFO] | config={"level":2,"enableConsole":true,"enableFile":true,"logDirectory":"/Users/shantanubombatkar/Documents/code/plant app/Cooding-Soyar-Backend/logs","logFileName":"app.log","maxLogFileSize":5242880,"maxLogFiles":5,"isEnabled":true} - Logger initialized
[2025-03-22T08:39:37.673Z] [INFO] | requestId=req-1742632777673-jboi1q8yi, method=POST, url=/api/subscribers, userAgent=okhttp/4.9.2, ip=::1 - Request received: POST /api/subscribers
[2025-03-22T08:41:40.882Z] [INFO] | config={"level":2,"enableConsole":true,"enableFile":true,"logDirectory":"/Users/shantanubombatkar/Documents/code/plant app/Cooding-Soyar-Backend/logs","logFileName":"app.log","maxLogFileSize":5242880,"maxLogFiles":5,"isEnabled":true} - Logger initialized
[2025-03-22T08:41:50.540Z] [INFO] | requestId=req-1742632910540-c1wi5lq55, method=POST, url=/api/subscribers, userAgent=okhttp/4.9.2, ip=::1 - Request received: POST /api/subscribers
[2025-03-22T08:45:10.926Z] [INFO] | config={"level":2,"enableConsole":true,"enableFile":true,"logDirectory":"/Users/shantanubombatkar/Documents/code/plant app/Cooding-Soyar-Backend/logs","logFileName":"app.log","maxLogFileSize":5242880,"maxLogFiles":5,"isEnabled":true} - Logger initialized
[2025-03-22T08:45:21.360Z] [INFO] | requestId=req-1742633121360-lwyq5kfsq, method=GET, url=/api/users/check-user-exists/shantanu@logiciel.io, userAgent=PostmanRuntime/7.43.0, ip=::1 - Request received: GET /api/users/check-user-exists/shantanu@logiciel.io
[2025-03-22T08:45:21.368Z] [INFO] | requestId=req-1742633121360-lwyq5kfsq, method=GET, url=/api/users/check-user-exists/shantanu@logiciel.io, userAgent=PostmanRuntime/7.43.0, ip=::1, statusCode=200, duration=8ms - Response sent: GET /check-user-exists/shantanu@logiciel.io 200 (8ms)
[2025-03-22T08:47:19.200Z] [INFO] | requestId=req-1742633239200-ia9g3b0l0, method=POST, url=/api/subscribers/, userAgent=PostmanRuntime/7.43.0, ip=::1 - Request received: POST /api/subscribers/
[2025-03-22T08:47:19.216Z] [WARN] | requestId=req-1742633239200-ia9g3b0l0, userId=67d7366cce20f0160c956af2 - User not found or invalid token
[2025-03-22T08:47:19.217Z] [ERROR] | requestId=req-1742633239200-ia9g3b0l0, method=POST, url=/api/subscribers/, userAgent=PostmanRuntime/7.43.0, ip=::1, statusCode=403, duration=17ms - Response error: POST / 403
[2025-03-22T08:47:38.658Z] [INFO] | requestId=req-1742633258658-3htnx61fh, method=POST, url=/api/subscribers/, userAgent=PostmanRuntime/7.43.0, ip=::1 - Request received: POST /api/subscribers/
[2025-03-22T08:47:38.665Z] [WARN] | requestId=req-1742633258658-3htnx61fh, userId=67d7366cce20f0160c956af2 - User not found or invalid token
[2025-03-22T08:47:38.666Z] [ERROR] | requestId=req-1742633258658-3htnx61fh, method=POST, url=/api/subscribers/, userAgent=PostmanRuntime/7.43.0, ip=::1, statusCode=403, duration=8ms - Response error: POST / 403
[2025-03-22T08:47:50.574Z] [INFO] | requestId=req-1742633270574-tghxmapvz, method=POST, url=/api/subscribers/, userAgent=PostmanRuntime/7.43.0, ip=::1 - Request received: POST /api/subscribers/
[2025-03-22T08:47:50.582Z] [WARN] | requestId=req-1742633270574-tghxmapvz, userId=67d7366cce20f0160c956af2 - User not found or invalid token
[2025-03-22T08:47:50.583Z] [ERROR] | requestId=req-1742633270574-tghxmapvz, method=POST, url=/api/subscribers/, userAgent=PostmanRuntime/7.43.0, ip=::1, statusCode=403, duration=9ms - Response error: POST / 403
[2025-03-22T08:48:12.203Z] [INFO] | requestId=req-1742633292203-hrzb7zh21, method=POST, url=/api/users/login, userAgent=PostmanRuntime/7.43.0, ip=::1 - Request received: POST /api/users/login
[2025-03-22T08:48:12.450Z] [INFO] | requestId=req-1742633292203-hrzb7zh21, method=POST, url=/api/users/login, userAgent=PostmanRuntime/7.43.0, ip=::1, statusCode=200, duration=247ms - Response sent: POST /login 200 (247ms)
[2025-03-22T08:49:38.113Z] [INFO] | requestId=req-1742633378112-p8un467eq, method=POST, url=/api/users/login, userAgent=PostmanRuntime/7.43.0, ip=::1 - Request received: POST /api/users/login
[2025-03-22T08:49:38.221Z] [INFO] | requestId=req-1742633378112-p8un467eq, method=POST, url=/api/users/login, userAgent=PostmanRuntime/7.43.0, ip=::1, statusCode=200, duration=109ms - Response sent: POST /login 200 (109ms)
[2025-03-22T08:50:19.565Z] [INFO] | requestId=req-1742633419565-1wtfjjngv, method=POST, url=/api/subscribers/, userAgent=PostmanRuntime/7.43.0, ip=::1 - Request received: POST /api/subscribers/
[2025-03-22T08:50:19.569Z] [WARN] | requestId=req-1742633419565-1wtfjjngv, userId=67d7366cce20f0160c956af2 - User not found or invalid token
[2025-03-22T08:50:19.569Z] [ERROR] | requestId=req-1742633419565-1wtfjjngv, method=POST, url=/api/subscribers/, userAgent=PostmanRuntime/7.43.0, ip=::1, statusCode=403, duration=4ms - Response error: POST / 403
[2025-03-22T08:52:08.389Z] [INFO] | config={"level":2,"enableConsole":true,"enableFile":true,"logDirectory":"/Users/shantanubombatkar/Documents/code/plant app/Cooding-Soyar-Backend/logs","logFileName":"app.log","maxLogFileSize":5242880,"maxLogFiles":5,"isEnabled":true} - Logger initialized
[2025-03-22T08:52:41.722Z] [INFO] | requestId=req-1742633561722-q9osb62ac, method=POST, url=/api/users/login, userAgent=PostmanRuntime/7.43.0, ip=::1 - Request received: POST /api/users/login
[2025-03-22T08:52:41.839Z] [INFO] | requestId=req-1742633561722-q9osb62ac, method=POST, url=/api/users/login, userAgent=PostmanRuntime/7.43.0, ip=::1, statusCode=200, duration=117ms - Response sent: POST /login 200 (117ms)
[2025-03-22T08:52:50.827Z] [INFO] | requestId=req-1742633570827-d4v3ysjd0, method=POST, url=/api/subscribers/, userAgent=PostmanRuntime/7.43.0, ip=::1 - Request received: POST /api/subscribers/
[2025-03-22T08:52:59.237Z] [INFO] | config={"level":2,"enableConsole":true,"enableFile":true,"logDirectory":"/Users/shantanubombatkar/Documents/code/plant app/Cooding-Soyar-Backend/logs","logFileName":"app.log","maxLogFileSize":5242880,"maxLogFiles":5,"isEnabled":true} - Logger initialized
[2025-03-22T08:53:08.785Z] [INFO] | requestId=req-1742633588785-5d8q15py1, method=POST, url=/api/subscribers/, userAgent=PostmanRuntime/7.43.0, ip=::1 - Request received: POST /api/subscribers/
[2025-03-22T09:10:15.953Z] [INFO] | config={"level":2,"enableConsole":true,"enableFile":true,"logDirectory":"/Users/shantanubombatkar/Documents/code/plant app/Cooding-Soyar-Backend/logs","logFileName":"app.log","maxLogFileSize":5242880,"maxLogFiles":5,"isEnabled":true} - Logger initialized
[2025-03-22T09:10:32.111Z] [INFO] | requestId=req-1742634632111-2fc58723z, method=POST, url=/api/users/, userAgent=PostmanRuntime/7.43.0, ip=::1 - Request received: POST /api/users/
[2025-03-22T09:10:32.119Z] [ERROR] | requestId=req-1742634632111-2fc58723z, method=POST, url=/api/users/, userAgent=PostmanRuntime/7.43.0, ip=::1, statusCode=500, duration=8ms - Response error: POST /api/users/ 500
[2025-03-22T09:11:10.454Z] [INFO] | config={"level":2,"enableConsole":true,"enableFile":true,"logDirectory":"/Users/shantanubombatkar/Documents/code/plant app/Cooding-Soyar-Backend/logs","logFileName":"app.log","maxLogFileSize":5242880,"maxLogFiles":5,"isEnabled":true} - Logger initialized
[2025-03-22T09:11:18.235Z] [INFO] | requestId=req-1742634678235-ed1e2a81s, method=POST, url=/api/users/, userAgent=PostmanRuntime/7.43.0, ip=::1 - Request received: POST /api/users/
[2025-03-22T09:11:18.240Z] [ERROR] | requestId=req-1742634678235-ed1e2a81s, method=POST, url=/api/users/, userAgent=PostmanRuntime/7.43.0, ip=::1, statusCode=500, duration=5ms - Response error: POST /api/users/ 500
[2025-03-22T09:11:35.278Z] [INFO] | requestId=req-1742634695278-z3kk9y18c, method=POST, url=/api/users/, userAgent=PostmanRuntime/7.43.0, ip=::1 - Request received: POST /api/users/
[2025-03-22T09:11:35.350Z] [ERROR] | requestId=req-1742634695278-z3kk9y18c, method=POST, url=/api/users/, userAgent=PostmanRuntime/7.43.0, ip=::1, statusCode=500, duration=72ms - Response error: POST / 500
[2025-03-22T09:20:05.237Z] [INFO] | config={"level":2,"enableConsole":true,"enableFile":true,"logDirectory":"/Users/shantanubombatkar/Documents/code/plant app/Cooding-Soyar-Backend/logs","logFileName":"app.log","maxLogFileSize":5242880,"maxLogFiles":5,"isEnabled":true} - Logger initialized
[2025-03-22T09:20:15.388Z] [INFO] | requestId=req-1742635215388-ece8s2egd, method=POST, url=/api/subscribers/, userAgent=PostmanRuntime/7.43.0, ip=::1 - Request received: POST /api/subscribers/
[2025-03-22T09:21:27.895Z] [INFO] | config={"level":2,"enableConsole":true,"enableFile":true,"logDirectory":"/Users/shantanubombatkar/Documents/code/plant app/Cooding-Soyar-Backend/logs","logFileName":"app.log","maxLogFileSize":5242880,"maxLogFiles":5,"isEnabled":true} - Logger initialized
[2025-03-22T09:21:37.653Z] [INFO] | requestId=req-1742635297653-u3x38czci, method=POST, url=/api/subscribers/, userAgent=PostmanRuntime/7.43.0, ip=::1 - Request received: POST /api/subscribers/
[2025-03-22T09:21:37.665Z] [ERROR] | requestId=req-1742635297653-u3x38czci, method=POST, url=/api/subscribers/, userAgent=PostmanRuntime/7.43.0, ip=::1, statusCode=500, duration=12ms - Response error: POST /api/subscribers/ 500
[2025-03-22T09:24:29.347Z] [INFO] | config={"level":2,"enableConsole":true,"enableFile":true,"logDirectory":"/Users/shantanubombatkar/Documents/code/plant app/Cooding-Soyar-Backend/logs","logFileName":"app.log","maxLogFileSize":5242880,"maxLogFiles":5,"isEnabled":true} - Logger initialized
[2025-03-22T09:27:33.017Z] [INFO] | config={"level":2,"enableConsole":true,"enableFile":true,"logDirectory":"/Users/shantanubombatkar/Documents/code/plant app/Cooding-Soyar-Backend/logs","logFileName":"app.log","maxLogFileSize":5242880,"maxLogFiles":5,"isEnabled":true} - Logger initialized
[2025-03-22T09:28:01.436Z] [INFO] | config={"level":2,"enableConsole":true,"enableFile":true,"logDirectory":"/Users/shantanubombatkar/Documents/code/plant app/Cooding-Soyar-Backend/logs","logFileName":"app.log","maxLogFileSize":5242880,"maxLogFiles":5,"isEnabled":true} - Logger initialized
[2025-03-22T09:35:28.918Z] [INFO] | config={"level":2,"enableConsole":true,"enableFile":true,"logDirectory":"/Users/shantanubombatkar/Documents/code/plant app/Cooding-Soyar-Backend/logs","logFileName":"app.log","maxLogFileSize":5242880,"maxLogFiles":5,"isEnabled":true} - Logger initialized
[2025-03-22T09:43:50.942Z] [INFO] | config={"level":2,"enableConsole":true,"enableFile":true,"logDirectory":"/Users/shantanubombatkar/Documents/code/plant app/Cooding-Soyar-Backend/logs","logFileName":"app.log","maxLogFileSize":5242880,"maxLogFiles":5,"isEnabled":true} - Logger initialized
[2025-03-22T11:07:41.544Z] [INFO] | config={"level":2,"enableConsole":true,"enableFile":true,"logDirectory":"/Users/shantanubombatkar/Documents/code/plant app/Cooding-Soyar-Backend/logs","logFileName":"app.log","maxLogFileSize":5242880,"maxLogFiles":5,"isEnabled":true} - Logger initialized
[2025-03-22T12:24:49.489Z] [INFO] | config={"level":2,"enableConsole":true,"enableFile":true,"logDirectory":"/Users/shantanubombatkar/Documents/code/plant app/Cooding-Soyar-Backend/logs","logFileName":"app.log","maxLogFileSize":5242880,"maxLogFiles":5,"isEnabled":true} - Logger initialized
[2025-03-22T12:29:27.192Z] [INFO] | config={"level":2,"enableConsole":true,"enableFile":true,"logDirectory":"/Users/shantanubombatkar/Documents/code/plant app/Cooding-Soyar-Backend/logs","logFileName":"app.log","maxLogFileSize":5242880,"maxLogFiles":5,"isEnabled":true} - Logger initialized
[2025-03-22T12:34:17.143Z] [INFO] | config={"level":2,"enableConsole":true,"enableFile":true,"logDirectory":"/Users/shantanubombatkar/Documents/code/plant app/Cooding-Soyar-Backend/logs","logFileName":"app.log","maxLogFileSize":5242880,"maxLogFiles":5,"isEnabled":true} - Logger initialized
[2025-03-22T14:34:39.418Z] [INFO] | config={"level":2,"enableConsole":true,"enableFile":true,"logDirectory":"/Users/shantanubombatkar/Documents/code/plant app/Cooding-Soyar-Backend/logs","logFileName":"app.log","maxLogFileSize":5242880,"maxLogFiles":5,"isEnabled":true} - Logger initialized
[2025-03-22T15:11:30.987Z] [INFO] | config={"level":2,"enableConsole":true,"enableFile":true,"logDirectory":"/Users/shantanubombatkar/Documents/code/plant app/Cooding-Soyar-Backend/logs","logFileName":"app.log","maxLogFileSize":5242880,"maxLogFiles":5,"isEnabled":true} - Logger initialized
[2025-03-22T16:01:40.605Z] [INFO] | config={"level":2,"enableConsole":true,"enableFile":true,"logDirectory":"/Users/shantanubombatkar/Documents/code/plant app/Cooding-Soyar-Backend/logs","logFileName":"app.log","maxLogFileSize":5242880,"maxLogFiles":5,"isEnabled":true} - Logger initialized
[2025-03-22T16:12:52.586Z] [INFO] | config={"level":2,"enableConsole":true,"enableFile":true,"logDirectory":"/Users/shantanubombatkar/Documents/code/plant app/Cooding-Soyar-Backend/logs","logFileName":"app.log","maxLogFileSize":5242880,"maxLogFiles":5,"isEnabled":true} - Logger initialized
[2025-03-22T16:14:42.037Z] [INFO] | config={"level":2,"enableConsole":true,"enableFile":true,"logDirectory":"/Users/shantanubombatkar/Documents/code/plant app/Cooding-Soyar-Backend/logs","logFileName":"app.log","maxLogFileSize":5242880,"maxLogFiles":5,"isEnabled":true} - Logger initialized
[2025-03-22T16:15:40.187Z] [INFO] | config={"level":2,"enableConsole":true,"enableFile":true,"logDirectory":"/Users/shantanubombatkar/Documents/code/plant app/Cooding-Soyar-Backend/logs","logFileName":"app.log","maxLogFileSize":5242880,"maxLogFiles":5,"isEnabled":true} - Logger initialized
[2025-03-22T16:17:53.356Z] [INFO] | config={"level":2,"enableConsole":true,"enableFile":true,"logDirectory":"/Users/shantanubombatkar/Documents/code/plant app/Cooding-Soyar-Backend/logs","logFileName":"app.log","maxLogFileSize":5242880,"maxLogFiles":5,"isEnabled":true} - Logger initialized
[2025-03-22T16:18:29.004Z] [INFO] | req={"name":"delievryPerson","phone":"7218663309","email":"shantanubombatkar8@gmail.com","address":"khamgaon","vehicleType":"bike","vehicleNumber":"2323","vehicleCapacity":10,"maxDeliveriesPerDay":15,"isActive":true,"primaryZones":[],"availableDays":["Mon","Tue","Wed","Thu","Fri"],"adminId":"67de6f64c645b75dd5d10095"} - req.body
[2025-03-22T16:22:45.670Z] [INFO] | req={"name":"shan","phone":"555555","email":"shantanubombatkar2@gmail.com","address":"khamgaon","vehicleType":"bike","vehicleNumber":"2323","vehicleCapacity":10,"maxDeliveriesPerDay":15,"isActive":true,"primaryZones":[],"availableDays":["Mon","Tue","Wed","Thu","Fri"],"adminId":"67de6f64c645b75dd5d10095"} - req.body
[2025-03-22T16:24:01.121Z] [INFO] | config={"level":2,"enableConsole":true,"enableFile":true,"logDirectory":"/Users/shantanubombatkar/Documents/code/plant app/Cooding-Soyar-Backend/logs","logFileName":"app.log","maxLogFileSize":5242880,"maxLogFiles":5,"isEnabled":true} - Logger initialized
[2025-03-22T16:24:40.725Z] [INFO] | req={"name":"demo de","phone":"7218663309","email":"shantanubombatkar8@gmail.com","address":"khamgaon","vehicleType":"bike","vehicleNumber":"2323","vehicleCapacity":10,"maxDeliveriesPerDay":15,"isActive":true,"primaryZones":[],"availableDays":["Mon","Tue","Wed","Thu","Fri"],"adminId":"67de6f64c645b75dd5d10095"} - req.body
[2025-03-22T16:24:40.821Z] [INFO] | deliveryPersonnelExists=null - deliveryPersonnelExists
[2025-03-22T17:05:48.236Z] [INFO] | config={"level":2,"enableConsole":true,"enableFile":true,"logDirectory":"/Users/shantanubombatkar/Documents/code/plant app/Cooding-Soyar-Backend/logs","logFileName":"app.log","maxLogFileSize":5242880,"maxLogFiles":5,"isEnabled":true} - Logger initialized
[2025-03-22T18:13:33.538Z] [INFO] | config={"level":2,"enableConsole":true,"enableFile":true,"logDirectory":"/Users/shantanubombatkar/Documents/code/plant app/Cooding-Soyar-Backend/logs","logFileName":"app.log","maxLogFileSize":5242880,"maxLogFiles":5,"isEnabled":true} - Logger initialized
[2025-03-23T15:59:26.075Z] [INFO] | config={"level":2,"enableConsole":true,"enableFile":true,"logDirectory":"/Users/shantanubombatkar/Documents/code/plant app/Cooding-Soyar-Backend/logs","logFileName":"app.log","maxLogFileSize":5242880,"maxLogFiles":5,"isEnabled":true} - Logger initialized
[2025-04-10T15:46:16.404Z] [INFO] | config={"level":2,"enableConsole":true,"enableFile":true,"logDirectory":"/Users/shantanubombatkar/Documents/code/plant app/bCooding-Soyar-Backend/logs","logFileName":"app.log","maxLogFileSize":5242880,"maxLogFiles":5,"isEnabled":true} - Logger initialized
[2025-04-10T15:58:39.707Z] [INFO] | config={"level":2,"enableConsole":true,"enableFile":true,"logDirectory":"/Users/shantanubombatkar/Documents/code/plant app/bCooding-Soyar-Backend/logs","logFileName":"app.log","maxLogFileSize":5242880,"maxLogFiles":5,"isEnabled":true} - Logger initialized
[2025-04-10T16:14:54.823Z] [INFO] | config={"level":2,"enableConsole":true,"enableFile":true,"logDirectory":"/Users/shantanubombatkar/Documents/code/plant app/bCooding-Soyar-Backend/logs","logFileName":"app.log","maxLogFileSize":5242880,"maxLogFiles":5,"isEnabled":true} - Logger initialized
[2025-04-10T16:21:26.173Z] [INFO] | config={"level":2,"enableConsole":true,"enableFile":true,"logDirectory":"/Users/shantanubombatkar/Documents/code/plant app/bCooding-Soyar-Backend/logs","logFileName":"app.log","maxLogFileSize":5242880,"maxLogFiles":5,"isEnabled":true} - Logger initialized
[2025-04-10T16:25:24.435Z] [INFO] | config={"level":2,"enableConsole":true,"enableFile":true,"logDirectory":"/Users/shantanubombatkar/Documents/code/plant app/bCooding-Soyar-Backend/logs","logFileName":"app.log","maxLogFileSize":5242880,"maxLogFiles":5,"isEnabled":true} - Logger initialized
